测速日志 2026-03-12 19:03:48
速度阈值: 150KB/s
运行次数: 11
HTTPS验证: False

[2026-03-12 19:03:48] ✅ 通过阈值 HTTP测速: http://69.30.246.194/live/cctv16.m3u8
   速度: 196.29KB/s | 数据量: 0.2KB | 总耗时: 0.10s | 阈值: 150KB/s
[2026-03-12 19:03:48] ✅ 通过阈值 HTTP测速: http://69.30.246.194/live/hnws.m3u8
   速度: 192.38KB/s | 数据量: 0.2KB | 总耗时: 0.10s | 阈值: 150KB/s
[2026-03-12 19:03:48] ✅ 通过阈值 HTTP测速: http://69.30.246.194/live/jsws.m3u8
   速度: 190.43KB/s | 数据量: 0.2KB | 总耗时: 0.11s | 阈值: 150KB/s
[2026-03-12 19:03:48] ✅ 通过阈值 HTTP测速: http://ali-xwl.cztv.com/live/channel011080Plxw.m3u8
   速度: 345.70KB/s | 数据量: 0.3KB | 总耗时: 0.19s | 阈值: 150KB/s
[2026-03-12 19:03:49] ✅ 通过阈值 HTTP测速: http://ali-xwl.cztv.com/live/channel01720Plxw.m3u8
   速度: 474.61KB/s | 数据量: 0.5KB | 总耗时: 0.91s | 阈值: 150KB/s
[2026-03-12 19:03:49] ✅ 通过阈值 HTTP测速: http://hlsal-ldvt.qing.mgtv.com/nn_live/nn_x64/Y2RuZXhfaWQ9YWxfaGxzX2xkdnQmZT02OTE0NjA0JnY9MSZpZD1ITldTWkdTVCZzPTcwN2RiYTc2YzJjNmJmMTQ4MmUyZGYzOWU2NWM3YWFi/HNWSZGST.m3u8
   速度: 225.59KB/s | 数据量: 0.2KB | 总耗时: 1.15s | 阈值: 150KB/s
[2026-03-12 19:03:50] ✅ HTTPS测速成功: https://hlsbkmgsplive.miguvideo.com/migu/kailu/jswshd265/55/20200407/01.m3u8?&HlsSubType=&encrypt=
   速度: 142.58KB/s | 数据量: 0.1KB | 总耗时: 0.59s | 证书: 有效
[2026-03-12 19:03:50] ✅ HTTPS测速成功: https://hlsbkmgsplive.miguvideo.com/envivo_x/2018/SD/chongqing/1000/01.m3u8?&HlsSubType=&encrypt=
   速度: 1231.45KB/s | 数据量: 1.2KB | 总耗时: 0.59s | 证书: 有效
[2026-03-12 19:03:50] ✅ HTTPS测速成功: https://hlsbkmgsplive.miguvideo.com/migu/kailu/lnwshd265/54/20200407/01.m3u8?&HlsSubType=&encrypt=
   速度: 142.58KB/s | 数据量: 0.1KB | 总耗时: 0.61s | 证书: 有效
[2026-03-12 19:03:50] ✅ HTTPS测速成功: https://hlsbkmgsplive.miguvideo.com/wd_r4/yg/shandongwshd/3000/01.m3u8?&HlsSubType=&encrypt=
   速度: 142.58KB/s | 数据量: 0.1KB | 总耗时: 0.60s | 证书: 有效
[2026-03-12 19:03:50] ✅ HTTPS测速成功: https://hlsbkmgsplive.miguvideo.com/wd-hunanhd-1200/01.m3u8?&HlsSubType=&encrypt=
   速度: 142.58KB/s | 数据量: 0.1KB | 总耗时: 0.61s | 证书: 有效
[2026-03-12 19:03:50] ✅ HTTPS测速成功: https://hlsbkmgsplive.miguvideo.com/envivo_v/2018/SD/jilin/1000/01.m3u8?&HlsSubType=&encrypt=
   速度: 142.58KB/s | 数据量: 0.1KB | 总耗时: 0.60s | 证书: 有效
[2026-03-12 19:03:50] ✅ HTTPS测速成功: https://hlsbkmgsplive.miguvideo.com/migu/kailu/dongnanws/51/20230724/01.m3u8?&HlsSubType=&encrypt=
   速度: 1242.19KB/s | 数据量: 1.2KB | 总耗时: 0.69s | 证书: 有效
[2026-03-12 19:03:50] ✅ HTTPS测速成功: https://hlsbkmgsplive.miguvideo.com/wd-hunanhd-2500/01.m3u8?&HlsSubType=&encrypt=
   速度: 1231.45KB/s | 数据量: 1.2KB | 总耗时: 0.73s | 证书: 有效
[2026-03-12 19:03:50] ✅ HTTPS测速成功: https://hlsbkmgsplive.miguvideo.com/wd-shandonghd-1200/01.m3u8?&HlsSubType=&encrypt=
   速度: 1231.45KB/s | 数据量: 1.2KB | 总耗时: 0.78s | 证书: 有效
[2026-03-12 19:03:50] ✅ HTTPS测速成功: https://hlsbkmgsplive.miguvideo.com/migu/kailu/btws/51/20250804/01.m3u8?&HlsSubType=&encrypt=
   速度: 1242.19KB/s | 数据量: 1.2KB | 总耗时: 0.66s | 证书: 有效
[2026-03-12 19:03:51] ✅ 通过阈值 HTTP测速: http://120.238.85.131:9901/tsfile/live/1017_1.m3u8?key=txiptv&playlive=0&authid=0
   速度: 433.59KB/s | 数据量: 0.4KB | 总耗时: 0.45s | 阈值: 150KB/s
[2026-03-12 19:03:51] ✅ HTTPS测速成功: https://hlsbkmgsplive.miguvideo.com/wd_r1/2018/nfmedia/nfys/1000/01.m3u8?&HlsSubType=&encrypt=
   速度: 142.58KB/s | 数据量: 0.1KB | 总耗时: 0.62s | 证书: 有效
[2026-03-12 19:03:52] ✅ 通过阈值 HTTP测速: http://120.238.85.131:9901/tsfile/live/1013_1.m3u8?key=txiptv&playlive=0&authid=0
   速度: 433.59KB/s | 数据量: 0.4KB | 总耗时: 1.44s | 阈值: 150KB/s
[2026-03-12 19:03:52] ✅ 通过阈值 HTTP测速: http://120.238.85.131:9901/tsfile/live/1018_1.m3u8?key=txiptv&playlive=0&authid=0
   速度: 433.59KB/s | 数据量: 0.4KB | 总耗时: 1.45s | 阈值: 150KB/s
[2026-03-12 19:03:52] ✅ HTTPS测速成功: https://liveplay-srs.voc.com.cn/hls/tv/187_2abf84.m3u8
   速度: 553.71KB/s | 数据量: 0.6KB | 总耗时: 0.87s | 证书: 有效
[2026-03-12 19:03:52] ✅ HTTPS测速成功: https://liveplay-srs.voc.com.cn/hls/tv/146_f067fe.m3u8
   速度: 375.98KB/s | 数据量: 0.4KB | 总耗时: 1.09s | 证书: 有效
[2026-03-12 19:03:52] ✅ HTTPS测速成功: https://liveplay-srs.voc.com.cn/hls/tv/203_10cdf5.m3u8
   速度: 142.58KB/s | 数据量: 0.1KB | 总耗时: 1.14s | 证书: 有效
[2026-03-12 19:03:52] ✅ HTTPS测速成功: https://liveplay-srs.voc.com.cn/hls/tv/161_8d2e76.m3u8
   速度: 142.58KB/s | 数据量: 0.1KB | 总耗时: 1.21s | 证书: 有效
[2026-03-12 19:03:52] ✅ HTTPS测速成功: https://liveplay-srs.voc.com.cn/hls/tv/168_ce2a0c.m3u8
   速度: 548.83KB/s | 数据量: 0.5KB | 总耗时: 1.21s | 证书: 有效
[2026-03-12 19:03:52] ✅ HTTPS测速成功: https://liveplay-srs.voc.com.cn/hls/tv/148_feda2f.m3u8
   速度: 513.67KB/s | 数据量: 0.5KB | 总耗时: 0.86s | 证书: 有效
[2026-03-12 19:03:52] ✅ HTTPS测速成功: https://liveplay-srs.voc.com.cn/hls/tv/134_d590ee.m3u8
   速度: 142.58KB/s | 数据量: 0.1KB | 总耗时: 1.17s | 证书: 有效
[2026-03-12 19:03:53] ✅ HTTPS测速成功: https://liveplay-srs.voc.com.cn/hls/tv/174_6ab9f8.m3u8
   速度: 537.11KB/s | 数据量: 0.5KB | 总耗时: 1.14s | 证书: 有效
[2026-03-12 19:03:54] ✅ HTTPS测速成功: https://liveplay-srs.voc.com.cn/hls/tv/183_554704.m3u8
   速度: 463.87KB/s | 数据量: 0.5KB | 总耗时: 1.00s | 证书: 有效
[2026-03-12 19:03:54] ✅ HTTPS测速成功: https://liveplay-srs.voc.com.cn/hls/tv/7_7c833e.m3u8
   速度: 425.78KB/s | 数据量: 0.4KB | 总耗时: 0.95s | 证书: 有效
[2026-03-12 19:03:54] ✅ HTTPS测速成功: https://liveplay-srs.voc.com.cn/hls/tv/170_49c556.m3u8
   速度: 513.67KB/s | 数据量: 0.5KB | 总耗时: 1.02s | 证书: 有效
[2026-03-12 19:03:54] ✅ HTTPS测速成功: https://liveplay-srs.voc.com.cn/hls/tv/171_daca67.m3u8
   速度: 142.58KB/s | 数据量: 0.1KB | 总耗时: 1.14s | 证书: 有效
[2026-03-12 19:03:54] ✅ HTTPS测速成功: https://liveplay-srs.voc.com.cn/hls/tv/167_0d6151.m3u8
   速度: 142.58KB/s | 数据量: 0.1KB | 总耗时: 1.10s | 证书: 有效
[2026-03-12 19:03:54] ✅ HTTPS测速成功: https://liveplay-srs.voc.com.cn/hls/tv/40_1d0ed0.m3u8
   速度: 485.35KB/s | 数据量: 0.5KB | 总耗时: 0.87s | 证书: 有效
[2026-03-12 19:03:54] ✅ HTTPS测速成功: https://liveplay-srs.voc.com.cn/hls/tv/27_e9e1e5.m3u8
   速度: 502.93KB/s | 数据量: 0.5KB | 总耗时: 0.91s | 证书: 有效
[2026-03-12 19:03:54] ✅ HTTPS测速成功: https://liveplay-srs.voc.com.cn/hls/tv/163_2c7011.m3u8
   速度: 462.89KB/s | 数据量: 0.5KB | 总耗时: 0.94s | 证书: 有效
[2026-03-12 19:03:54] ✅ HTTPS测速成功: https://liveplay-srs.voc.com.cn/hls/tv/26_370917.m3u8
   速度: 128.91KB/s | 数据量: 0.1KB | 总耗时: 0.98s | 证书: 有效
[2026-03-12 19:03:55] ✅ HTTPS测速成功: https://liveplay-srs.voc.com.cn/hls/tv/20_68acda.m3u8
   速度: 514.65KB/s | 数据量: 0.5KB | 总耗时: 0.88s | 证书: 有效
[2026-03-12 19:03:55] ✅ HTTPS测速成功: https://liveplay-srs.voc.com.cn/hls/tv/34_5156ed.m3u8
   速度: 538.09KB/s | 数据量: 0.5KB | 总耗时: 0.89s | 证书: 有效
[2026-03-12 19:03:55] ✅ HTTPS测速成功: https://liveplay-srs.voc.com.cn/hls/tv/131_acfb72.m3u8
   速度: 548.83KB/s | 数据量: 0.5KB | 总耗时: 1.05s | 证书: 有效
[2026-03-12 19:03:55] ✅ HTTPS测速成功: https://liveplay-srs.voc.com.cn/hls/tv/184_e3af1a.m3u8
   速度: 579.10KB/s | 数据量: 0.6KB | 总耗时: 1.03s | 证书: 有效
[2026-03-12 19:03:56] ✅ HTTPS测速成功: https://liveplay-srs.voc.com.cn/hls/tv/180_60f888.m3u8
   速度: 142.58KB/s | 数据量: 0.1KB | 总耗时: 0.88s | 证书: 有效
[2026-03-12 19:03:56] ✅ HTTPS测速成功: https://liveplay-srs.voc.com.cn/hls/tv/169_b4d7a4.m3u8
   速度: 525.39KB/s | 数据量: 0.5KB | 总耗时: 0.94s | 证书: 有效
[2026-03-12 19:03:56] ✅ HTTPS测速成功: https://liveplay-srs.voc.com.cn/hls/tv/149_40cf24.m3u8
   速度: 142.58KB/s | 数据量: 0.1KB | 总耗时: 0.90s | 证书: 有效
[2026-03-12 19:03:56] ✅ HTTPS测速成功: https://liveplay-srs.voc.com.cn/hls/tv/18_3aa230.m3u8
   速度: 538.09KB/s | 数据量: 0.5KB | 总耗时: 0.86s | 证书: 有效
[2026-03-12 19:03:56] ✅ HTTPS测速成功: https://liveplay-srs.voc.com.cn/hls/tv/204_16cb0f.m3u8
   速度: 548.83KB/s | 数据量: 0.5KB | 总耗时: 0.90s | 证书: 有效
[2026-03-12 19:03:56] ✅ HTTPS测速成功: https://liveplay-srs.voc.com.cn/hls/tv/143_70175b.m3u8
   速度: 537.11KB/s | 数据量: 0.5KB | 总耗时: 0.92s | 证书: 有效
[2026-03-12 19:03:56] ✅ HTTPS测速成功: https://liveplay-srs.voc.com.cn/hls/tv/144_4efb38.m3u8
   速度: 453.12KB/s | 数据量: 0.5KB | 总耗时: 0.89s | 证书: 有效
[2026-03-12 19:03:56] ✅ 通过阈值 HTTP测速: http://ali-xwl.cztv.com/live/channel021080Plxw.m3u8
   速度: 345.70KB/s | 数据量: 0.3KB | 总耗时: 0.97s | 阈值: 150KB/s
[2026-03-12 19:03:56] ✅ 通过阈值 HTTP测速: http://ali-xwl.cztv.com/live/channel08720Plxw.m3u8
   速度: 474.61KB/s | 数据量: 0.5KB | 总耗时: 1.00s | 阈值: 150KB/s
[2026-03-12 19:03:56] ✅ 通过阈值 HTTP测速: http://ali-xwl.cztv.com/live/channel081080Plxw.m3u8
   速度: 345.70KB/s | 数据量: 0.3KB | 总耗时: 1.24s | 阈值: 150KB/s
[2026-03-12 19:03:56] ✅ 通过阈值 HTTP测速: http://ali-xwl.cztv.com/live/channel031080Plxw.m3u8
   速度: 345.70KB/s | 数据量: 0.3KB | 总耗时: 0.73s | 阈值: 150KB/s
[2026-03-12 19:03:56] ✅ 通过阈值 HTTP测速: http://ali-xwl.cztv.com/live/channel02720Plxw.m3u8
   速度: 474.61KB/s | 数据量: 0.5KB | 总耗时: 0.78s | 阈值: 150KB/s
[2026-03-12 19:03:56] ✅ 通过阈值 HTTP测速: http://ali-xwl.cztv.com/live/channel06720Plxw.m3u8
   速度: 474.61KB/s | 数据量: 0.5KB | 总耗时: 0.49s | 阈值: 150KB/s
[2026-03-12 19:03:57] ✅ 通过阈值 HTTP测速: http://ali-xwl.cztv.com/live/channel03720Plxw.m3u8
   速度: 474.61KB/s | 数据量: 0.5KB | 总耗时: 0.75s | 阈值: 150KB/s
[2026-03-12 19:03:57] ✅ 通过阈值 HTTP测速: http://ali-xwl.cztv.com/live/channel061080Plxw.m3u8
   速度: 345.70KB/s | 数据量: 0.3KB | 总耗时: 0.74s | 阈值: 150KB/s
[2026-03-12 19:03:57] ✅ 通过阈值 HTTP测速: http://ali-xwl.cztv.com/live/channel071080Plxw.m3u8
   速度: 345.70KB/s | 数据量: 0.3KB | 总耗时: 0.74s | 阈值: 150KB/s
[2026-03-12 19:03:57] ✅ 通过阈值 HTTP测速: http://ali-xwl.cztv.com/live/channel041080Plxw.m3u8
   速度: 345.70KB/s | 数据量: 0.3KB | 总耗时: 0.47s | 阈值: 150KB/s
[2026-03-12 19:03:57] ✅ 通过阈值 HTTP测速: http://ali-xwl.cztv.com/live/channel07720Plxw.m3u8
   速度: 474.61KB/s | 数据量: 0.5KB | 总耗时: 0.64s | 阈值: 150KB/s
[2026-03-12 19:03:57] ✅ 通过阈值 HTTP测速: http://ali-xwl.cztv.com/live/channel101080Plxw.m3u8
   速度: 345.70KB/s | 数据量: 0.3KB | 总耗时: 0.60s | 阈值: 150KB/s
[2026-03-12 19:03:57] ✅ 通过阈值 HTTP测速: http://ali-xwl.cztv.com/live/channel10720Plxw.m3u8
   速度: 474.61KB/s | 数据量: 0.5KB | 总耗时: 0.61s | 阈值: 150KB/s
[2026-03-12 19:03:58] ✅ 通过阈值 HTTP测速: http://l.cztvcloud.com/channels/lantian/SXxiaoshan2/720p.m3u8
   速度: 289.06KB/s | 数据量: 0.3KB | 总耗时: 0.88s | 阈值: 150KB/s
[2026-03-12 19:03:58] ✅ 通过阈值 HTTP测速: http://l.cztvcloud.com/channels/lantian/SXyuyao1/720p.m3u8
   速度: 289.06KB/s | 数据量: 0.3KB | 总耗时: 1.02s | 阈值: 150KB/s
[2026-03-12 19:03:58] ✅ 通过阈值 HTTP测速: http://l.cztvcloud.com/channels/lantian/SXxinchang1/720p.m3u8
   速度: 289.06KB/s | 数据量: 0.3KB | 总耗时: 1.44s | 阈值: 150KB/s
[2026-03-12 19:03:58] ✅ 通过阈值 HTTP测速: http://l.cztvcloud.com/channels/lantian/SXqingtian1/720p.m3u8
   速度: 285.16KB/s | 数据量: 0.3KB | 总耗时: 1.19s | 阈值: 150KB/s
[2026-03-12 19:03:58] ✅ 通过阈值 HTTP测速: http://l.cztvcloud.com/channels/lantian/SXshengzhou1/720p.m3u8
   速度: 289.06KB/s | 数据量: 0.3KB | 总耗时: 1.55s | 阈值: 150KB/s
[2026-03-12 19:03:58] ✅ 通过阈值 HTTP测速: http://l.cztvcloud.com/channels/lantian/SXxiangshan1/720p.m3u8
   速度: 283.20KB/s | 数据量: 0.3KB | 总耗时: 1.51s | 阈值: 150KB/s
[2026-03-12 19:03:58] ✅ 通过阈值 HTTP测速: http://l.cztvcloud.com/channels/lantian/SXxiaoshan1/720p.m3u8
   速度: 289.06KB/s | 数据量: 0.3KB | 总耗时: 1.05s | 阈值: 150KB/s
[2026-03-12 19:03:59] ✅ 通过阈值 HTTP测速: http://l.cztvcloud.com/channels/lantian/SXpinghu2/720p.m3u8
   速度: 290.04KB/s | 数据量: 0.3KB | 总耗时: 2.64s | 阈值: 150KB/s
[2026-03-12 19:04:00] ✅ 通过阈值 HTTP测速: http://l.cztvcloud.com/channels/lantian/SXpinghu1/720p.m3u8
   速度: 292.97KB/s | 数据量: 0.3KB | 总耗时: 3.11s | 阈值: 150KB/s
[2026-03-12 19:04:01] ✅ 通过阈值 HTTP测速: http://ali-xwl.cztv.com/live/channel04720Plxw.m3u8
   速度: 474.61KB/s | 数据量: 0.5KB | 总耗时: 4.74s | 阈值: 150KB/s
[2026-03-12 19:04:01] ✅ 通过阈值 HTTP测速: http://123.146.162.24:8017/c2F0hmi/1000/live.m3u8
   速度: 470.70KB/s | 数据量: 0.5KB | 总耗时: 0.42s | 阈值: 150KB/s
[2026-03-12 19:04:03] ✅ 通过阈值 HTTP测速: http://l.cztvcloud.com/channels/lantian/SXshangyu2/720p.m3u8
   速度: 289.06KB/s | 数据量: 0.3KB | 总耗时: 5.14s | 阈值: 150KB/s
[2026-03-12 19:04:03] ✅ 通过阈值 HTTP测速: http://l.cztvcloud.com/channels/lantian/SXqingyuan1/720p.m3u8
   速度: 289.06KB/s | 数据量: 0.3KB | 总耗时: 5.11s | 阈值: 150KB/s
[2026-03-12 19:04:03] ✅ 通过阈值 HTTP测速: http://l.cztvcloud.com/channels/lantian/SXshangyu1/720p.m3u8
   速度: 289.06KB/s | 数据量: 0.3KB | 总耗时: 5.17s | 阈值: 150KB/s
[2026-03-12 19:04:03] ✅ 通过阈值 HTTP测速: http://l.cztvcloud.com/channels/lantian/SXlongquan1/720p.m3u8
   速度: 286.13KB/s | 数据量: 0.3KB | 总耗时: 3.71s | 阈值: 150KB/s
[2026-03-12 19:04:03] ✅ 通过阈值 HTTP测速: http://l.cztvcloud.com/channels/lantian/SXdongyang1/720p.m3u8
   速度: 286.13KB/s | 数据量: 0.3KB | 总耗时: 5.13s | 阈值: 150KB/s
[2026-03-12 19:04:03] ✅ 通过阈值 HTTP测速: http://l.cztvcloud.com/channels/lantian/SXputuo1/720p.m3u8
   速度: 289.06KB/s | 数据量: 0.3KB | 总耗时: 5.16s | 阈值: 150KB/s
[2026-03-12 19:04:03] ✅ 通过阈值 HTTP测速: http://l.cztvcloud.com/channels/lantian/SXlanxi1/720p.m3u8
   速度: 289.06KB/s | 数据量: 0.3KB | 总耗时: 5.12s | 阈值: 150KB/s
[2026-03-12 19:04:04] ✅ 通过阈值 HTTP测速: http://tvpull.dxhmt.cn:9081/tv/19001-1.m3u8
   速度: 1971.68KB/s | 数据量: 2.0KB | 总耗时: 0.58s | 阈值: 150KB/s
[2026-03-12 19:04:04] ✅ 通过阈值 HTTP测速: http://tvpull.dxhmt.cn:9081/tv/10225-1.m3u8
   速度: 1971.68KB/s | 数据量: 2.0KB | 总耗时: 0.57s | 阈值: 150KB/s
[2026-03-12 19:04:04] ✅ 通过阈值 HTTP测速: http://tvpull.dxhmt.cn:9081/tv/10329-1.m3u8
   速度: 1971.68KB/s | 数据量: 2.0KB | 总耗时: 0.56s | 阈值: 150KB/s
[2026-03-12 19:04:04] ✅ 通过阈值 HTTP测速: http://tvpull.dxhmt.cn:9081/tv/10728-1.m3u8
   速度: 1971.68KB/s | 数据量: 2.0KB | 总耗时: 0.05s | 阈值: 150KB/s
[2026-03-12 19:04:04] ✅ 通过阈值 HTTP测速: http://tvpull.dxhmt.cn:9081/tv/10200-2.m3u8
   速度: 1973.63KB/s | 数据量: 2.0KB | 总耗时: 0.05s | 阈值: 150KB/s
[2026-03-12 19:04:04] ✅ 通过阈值 HTTP测速: http://tvpull.dxhmt.cn:9081/tv/10200-3.m3u8
   速度: 1973.63KB/s | 数据量: 2.0KB | 总耗时: 0.06s | 阈值: 150KB/s
[2026-03-12 19:04:04] ✅ 通过阈值 HTTP测速: http://live.dxhmt.cn:9081/tv/19001-1.m3u8
   速度: 364.26KB/s | 数据量: 0.4KB | 总耗时: 0.86s | 阈值: 150KB/s
[2026-03-12 19:04:04] ✅ 通过阈值 HTTP测速: http://tvpull.dxhmt.cn:9081/tv/10527-1.m3u8
   速度: 1973.63KB/s | 数据量: 2.0KB | 总耗时: 0.05s | 阈值: 150KB/s
[2026-03-12 19:04:04] ✅ HTTPS测速成功: https://hlsbkmgsplive.miguvideo.com/migu/kailu/haixiaws/51/20230724/01.m3u8?&HlsSubType=&encrypt=
   速度: 1242.19KB/s | 数据量: 1.2KB | 总耗时: 0.57s | 证书: 有效
[2026-03-12 19:04:04] ✅ 通过阈值 HTTP测速: http://tvpull.dxhmt.cn:9081/tv/11523-1.m3u8
   速度: 1970.70KB/s | 数据量: 2.0KB | 总耗时: 0.05s | 阈值: 150KB/s
[2026-03-12 19:04:04] ✅ 通过阈值 HTTP测速: http://l.cztvcloud.com/channels/lantian/SXjinyun1/720p.m3u8
   速度: 289.06KB/s | 数据量: 0.3KB | 总耗时: 6.46s | 阈值: 150KB/s
[2026-03-12 19:04:05] ✅ 通过阈值 HTTP测速: http://tvpull.dxhmt.cn:9081/tv/10622-1.m3u8
   速度: 1973.63KB/s | 数据量: 2.0KB | 总耗时: 0.05s | 阈值: 150KB/s
[2026-03-12 19:04:05] 🚫 未达阈值 HTTP测速: http://live.dxhmt.cn:9081/tv/10225-1.m3u8
   速度: 0.50KB/s | 数据量: 0.4KB | 总耗时: 1.59s | 阈值: 150KB/s
[2026-03-12 19:04:05] 🚫 未达阈值 HTTP测速: http://live.dxhmt.cn:9081/tv/10329-1.m3u8
   速度: 0.49KB/s | 数据量: 0.4KB | 总耗时: 1.59s | 阈值: 150KB/s
[2026-03-12 19:04:05] ✅ 通过阈值 HTTP测速: http://tvpull.dxhmt.cn:9081/tv/10523-1.m3u8
   速度: 1973.63KB/s | 数据量: 2.0KB | 总耗时: 0.05s | 阈值: 150KB/s
[2026-03-12 19:04:05] ✅ 通过阈值 HTTP测速: http://tvpull.dxhmt.cn:9081/tv/10721-1.m3u8
   速度: 1973.63KB/s | 数据量: 2.0KB | 总耗时: 0.06s | 阈值: 150KB/s
[2026-03-12 19:04:05] ✅ 通过阈值 HTTP测速: http://live.dxhmt.cn:9081/tv/10527-1.m3u8
   速度: 364.26KB/s | 数据量: 0.4KB | 总耗时: 1.00s | 阈值: 150KB/s
[2026-03-12 19:04:05] ✅ 通过阈值 HTTP测速: http://tvpull.dxhmt.cn:9081/tv/10481-1.m3u8
   速度: 1973.63KB/s | 数据量: 2.0KB | 总耗时: 0.05s | 阈值: 150KB/s
[2026-03-12 19:04:05] 🚫 未达阈值 HTTP测速: http://live.dxhmt.cn:9081/tv/11523-1.m3u8
   速度: 0.50KB/s | 数据量: 0.4KB | 总耗时: 1.29s | 阈值: 150KB/s
[2026-03-12 19:04:05] 🚫 未达阈值 HTTP测速: http://live.dxhmt.cn:9081/tv/10200-2.m3u8
   速度: 0.44KB/s | 数据量: 0.3KB | 总耗时: 1.74s | 阈值: 150KB/s
[2026-03-12 19:04:05] 🚫 未达阈值 HTTP测速: http://live.dxhmt.cn:9081/tv/10728-1.m3u8
   速度: 0.50KB/s | 数据量: 0.4KB | 总耗时: 1.80s | 阈值: 150KB/s
[2026-03-12 19:04:06] ✅ 通过阈值 HTTP测速: http://tvpull.dxhmt.cn:9081/tv/11282-1.m3u8
   速度: 1973.63KB/s | 数据量: 2.0KB | 总耗时: 0.05s | 阈值: 150KB/s
[2026-03-12 19:04:06] ✅ 通过阈值 HTTP测速: http://tvpull.dxhmt.cn:9081/tv/11527-1.m3u8
   速度: 1973.63KB/s | 数据量: 2.0KB | 总耗时: 0.05s | 阈值: 150KB/s
[2026-03-12 19:04:06] 🚫 未达阈值 HTTP测速: http://live.dxhmt.cn:9081/tv/10200-3.m3u8
   速度: 0.41KB/s | 数据量: 0.3KB | 总耗时: 1.79s | 阈值: 150KB/s
[2026-03-12 19:04:06] ✅ 通过阈值 HTTP测速: http://tvpull.dxhmt.cn:9081/tv/11522-1.m3u8
   速度: 1972.66KB/s | 数据量: 2.0KB | 总耗时: 0.05s | 阈值: 150KB/s
[2026-03-12 19:04:06] ✅ 通过阈值 HTTP测速: http://tvpull.dxhmt.cn:9081/tv/10526-1.m3u8
   速度: 1971.68KB/s | 数据量: 2.0KB | 总耗时: 0.05s | 阈值: 150KB/s
[2026-03-12 19:04:06] ✅ 通过阈值 HTTP测速: http://live.dxhmt.cn:9081/tv/11282-1.m3u8
   速度: 364.26KB/s | 数据量: 0.4KB | 总耗时: 0.41s | 阈值: 150KB/s
[2026-03-12 19:04:06] ✅ 通过阈值 HTTP测速: http://tvpull.dxhmt.cn:9081/tv/10526-2.m3u8
   速度: 1973.63KB/s | 数据量: 2.0KB | 总耗时: 0.05s | 阈值: 150KB/s
[2026-03-12 19:04:06] 🚫 未达阈值 HTTP测速: http://live.dxhmt.cn:9081/tv/10622-1.m3u8
   速度: 0.50KB/s | 数据量: 0.4KB | 总耗时: 1.54s | 阈值: 150KB/s
[2026-03-12 19:04:06] 🚫 未达阈值 HTTP测速: http://live.dxhmt.cn:9081/tv/10721-1.m3u8
   速度: 0.50KB/s | 数据量: 0.4KB | 总耗时: 1.27s | 阈值: 150KB/s
[2026-03-12 19:04:06] 🚫 未达阈值 HTTP测速: http://live.dxhmt.cn:9081/tv/10523-1.m3u8
   速度: 0.50KB/s | 数据量: 0.4KB | 总耗时: 1.37s | 阈值: 150KB/s
[2026-03-12 19:04:06] ✅ 通过阈值 HTTP测速: http://tvpull.dxhmt.cn:9081/tv/10922-1.m3u8
   速度: 1973.63KB/s | 数据量: 2.0KB | 总耗时: 0.06s | 阈值: 150KB/s
[2026-03-12 19:04:06] ✅ 通过阈值 HTTP测速: http://tvpull.dxhmt.cn:9081/tv/10222-1.m3u8
   速度: 1971.68KB/s | 数据量: 2.0KB | 总耗时: 0.06s | 阈值: 150KB/s
[2026-03-12 19:04:06] ✅ 通过阈值 HTTP测速: http://live.dxhmt.cn:9081/tv/11527-1.m3u8
   速度: 364.26KB/s | 数据量: 0.4KB | 总耗时: 0.63s | 阈值: 150KB/s
[2026-03-12 19:04:06] ✅ 通过阈值 HTTP测速: http://live.dxhmt.cn:9081/tv/11522-1.m3u8
   速度: 364.26KB/s | 数据量: 0.4KB | 总耗时: 0.57s | 阈值: 150KB/s
[2026-03-12 19:04:06] ✅ 通过阈值 HTTP测速: http://live.dxhmt.cn:9081/tv/10526-1.m3u8
   速度: 364.26KB/s | 数据量: 0.4KB | 总耗时: 0.53s | 阈值: 150KB/s
[2026-03-12 19:04:06] ✅ 通过阈值 HTTP测速: http://tvpull.dxhmt.cn:9081/tv/11624-1.m3u8
   速度: 1971.68KB/s | 数据量: 2.0KB | 总耗时: 0.05s | 阈值: 150KB/s
[2026-03-12 19:04:06] ✅ 通过阈值 HTTP测速: http://tvpull.dxhmt.cn:9081/tv/11330-1.m3u8
   速度: 1973.63KB/s | 数据量: 2.0KB | 总耗时: 0.06s | 阈值: 150KB/s
[2026-03-12 19:04:06] ✅ 通过阈值 HTTP测速: http://tvpull.dxhmt.cn:9081/tv/11426-1.m3u8
   速度: 1973.63KB/s | 数据量: 2.0KB | 总耗时: 0.05s | 阈值: 150KB/s
[2026-03-12 19:04:06] ✅ 通过阈值 HTTP测速: http://tvpull.dxhmt.cn:9081/tv/11723-1.m3u8
   速度: 1973.63KB/s | 数据量: 2.0KB | 总耗时: 0.05s | 阈值: 150KB/s
[2026-03-12 19:04:06] 🚫 未达阈值 HTTP测速: http://live.dxhmt.cn:9081/tv/10526-2.m3u8
   速度: 149.41KB/s | 数据量: 0.1KB | 总耗时: 0.42s | 阈值: 150KB/s
[2026-03-12 19:04:06] ✅ 通过阈值 HTTP测速: http://tvpull.dxhmt.cn:9081/tv/10381-1.m3u8
   速度: 1972.66KB/s | 数据量: 2.0KB | 总耗时: 0.05s | 阈值: 150KB/s
[2026-03-12 19:04:06] 🚫 未达阈值 HTTP测速: http://live.dxhmt.cn:9081/tv/10922-1.m3u8
   速度: 149.41KB/s | 数据量: 0.1KB | 总耗时: 0.43s | 阈值: 150KB/s
[2026-03-12 19:04:07] ✅ 通过阈值 HTTP测速: http://tvpull.dxhmt.cn:9081/tv/10106-1.m3u8
   速度: 1971.68KB/s | 数据量: 2.0KB | 总耗时: 0.05s | 阈值: 150KB/s
[2026-03-12 19:04:07] ✅ 通过阈值 HTTP测速: http://m3u8.channel.luzhoubs.com/nmip-media/channellive/channel103074/playlist.m3u8
   速度: 271.48KB/s | 数据量: 0.3KB | 总耗时: 5.20s | 阈值: 150KB/s
[2026-03-12 19:04:07] ✅ 通过阈值 HTTP测速: http://tvpull.dxhmt.cn:9081/tv/10882-1.m3u8
   速度: 1971.68KB/s | 数据量: 2.0KB | 总耗时: 0.05s | 阈值: 150KB/s
[2026-03-12 19:04:07] ✅ 通过阈值 HTTP测速: http://live.dxhmt.cn:9081/tv/11624-1.m3u8
   速度: 364.26KB/s | 数据量: 0.4KB | 总耗时: 0.70s | 阈值: 150KB/s
[2026-03-12 19:04:07] ✅ 通过阈值 HTTP测速: http://tvpull.dxhmt.cn:9081/tv/11681-1.m3u8
   速度: 1971.68KB/s | 数据量: 2.0KB | 总耗时: 0.05s | 阈值: 150KB/s
[2026-03-12 19:04:07] 🚫 未达阈值 HTTP测速: http://live.dxhmt.cn:9081/tv/11330-1.m3u8
   速度: 149.41KB/s | 数据量: 0.1KB | 总耗时: 1.18s | 阈值: 150KB/s
[2026-03-12 19:04:07] 🚫 未达阈值 HTTP测速: http://live.dxhmt.cn:9081/tv/11426-1.m3u8
   速度: 149.41KB/s | 数据量: 0.1KB | 总耗时: 1.14s | 阈值: 150KB/s
[2026-03-12 19:04:07] ✅ 通过阈值 HTTP测速: http://tvpull.dxhmt.cn:9081/tv/10326-1.m3u8
   速度: 1971.68KB/s | 数据量: 2.0KB | 总耗时: 0.05s | 阈值: 150KB/s
[2026-03-12 19:04:07] 🚫 未达阈值 HTTP测速: http://live.dxhmt.cn:9081/tv/10481-1.m3u8
   速度: 0.52KB/s | 数据量: 0.4KB | 总耗时: 2.34s | 阈值: 150KB/s
[2026-03-12 19:04:07] ✅ 通过阈值 HTTP测速: http://tvpull.dxhmt.cn:9081/tv/10323-1.m3u8
   速度: 1971.68KB/s | 数据量: 2.0KB | 总耗时: 0.05s | 阈值: 150KB/s
[2026-03-12 19:04:07] ✅ 通过阈值 HTTP测速: http://tvpull.dxhmt.cn:9081/tv/11521-1.m3u8
   速度: 1971.68KB/s | 数据量: 2.0KB | 总耗时: 0.05s | 阈值: 150KB/s
[2026-03-12 19:04:08] 🚫 未达阈值 HTTP测速: http://live.dxhmt.cn:9081/tv/11723-1.m3u8
   速度: 0.51KB/s | 数据量: 0.4KB | 总耗时: 1.24s | 阈值: 150KB/s
[2026-03-12 19:04:08] 🚫 未达阈值 HTTP测速: http://live.dxhmt.cn:9081/tv/10381-1.m3u8
   速度: 0.51KB/s | 数据量: 0.4KB | 总耗时: 1.13s | 阈值: 150KB/s
[2026-03-12 19:04:08] 🚫 未达阈值 HTTP测速: http://live.dxhmt.cn:9081/tv/10222-1.m3u8
   速度: 0.51KB/s | 数据量: 0.4KB | 总耗时: 1.41s | 阈值: 150KB/s
[2026-03-12 19:04:08] ✅ 通过阈值 HTTP测速: http://tvpull.dxhmt.cn:9081/tv/11526-1.m3u8
   速度: 1971.68KB/s | 数据量: 2.0KB | 总耗时: 0.05s | 阈值: 150KB/s
[2026-03-12 19:04:08] ✅ 通过阈值 HTTP测速: http://tvpull.dxhmt.cn:9081/tv/11722-1.m3u8
   速度: 1972.66KB/s | 数据量: 2.0KB | 总耗时: 0.05s | 阈值: 150KB/s
[2026-03-12 19:04:08] 🚫 未达阈值 HTTP测速: http://live.dxhmt.cn:9081/tv/10882-1.m3u8
   速度: 0.51KB/s | 数据量: 0.4KB | 总耗时: 1.32s | 阈值: 150KB/s
[2026-03-12 19:04:08] 🚫 未达阈值 HTTP测速: http://live.dxhmt.cn:9081/tv/11681-1.m3u8
   速度: 0.50KB/s | 数据量: 0.4KB | 总耗时: 1.19s | 阈值: 150KB/s
[2026-03-12 19:04:08] 🚫 未达阈值 HTTP测速: http://live.dxhmt.cn:9081/tv/10106-1.m3u8
   速度: 0.50KB/s | 数据量: 0.4KB | 总耗时: 1.55s | 阈值: 150KB/s
[2026-03-12 19:04:08] ✅ 通过阈值 HTTP测速: http://tvpull.dxhmt.cn:9081/tv/10182-1.m3u8
   速度: 1972.66KB/s | 数据量: 2.0KB | 总耗时: 0.06s | 阈值: 150KB/s
[2026-03-12 19:04:08] ✅ 通过阈值 HTTP测速: http://play-a2.quklive.com/live/1749084198822069.flv
   速度: 399.36KB/s | 数据量: 3072.0KB | 总耗时: 8.47s | 阈值: 150KB/s
[2026-03-12 19:04:08] ✅ 通过阈值 HTTP测速: http://tvpull.dxhmt.cn:9081/tv/10825-1.m3u8
   速度: 1970.70KB/s | 数据量: 2.0KB | 总耗时: 0.05s | 阈值: 150KB/s
[2026-03-12 19:04:08] ✅ 通过阈值 HTTP测速: http://tvpull.dxhmt.cn:9081/tv/11003-1.m3u8
   速度: 1972.66KB/s | 数据量: 2.0KB | 总耗时: 0.05s | 阈值: 150KB/s
[2026-03-12 19:04:08] ✅ 通过阈值 HTTP测速: http://tvpull.dxhmt.cn:9081/tv/10727-1.m3u8
   速度: 1971.68KB/s | 数据量: 2.0KB | 总耗时: 0.05s | 阈值: 150KB/s
[2026-03-12 19:04:08] ✅ 通过阈值 HTTP测速: http://live.dxhmt.cn:9081/tv/11526-1.m3u8
   速度: 364.26KB/s | 数据量: 0.4KB | 总耗时: 0.84s | 阈值: 150KB/s
[2026-03-12 19:04:08] 🚫 未达阈值 HTTP测速: http://live.dxhmt.cn:9081/tv/11521-1.m3u8
   速度: 149.41KB/s | 数据量: 0.1KB | 总耗时: 0.88s | 阈值: 150KB/s
[2026-03-12 19:04:08] ✅ 通过阈值 HTTP测速: http://tvpull.dxhmt.cn:9081/tv/10581-1.m3u8
   速度: 1971.68KB/s | 数据量: 2.0KB | 总耗时: 0.05s | 阈值: 150KB/s
[2026-03-12 19:04:08] 🚫 未达阈值 HTTP测速: http://live.dxhmt.cn:9081/tv/10326-1.m3u8
   速度: 0.52KB/s | 数据量: 0.4KB | 总耗时: 1.11s | 阈值: 150KB/s
[2026-03-12 19:04:08] ✅ 通过阈值 HTTP测速: http://tvpull.dxhmt.cn:9081/tv/11024-1.m3u8
   速度: 1973.63KB/s | 数据量: 2.0KB | 总耗时: 0.05s | 阈值: 150KB/s
[2026-03-12 19:04:09] 🚫 未达阈值 HTTP测速: http://live.dxhmt.cn:9081/tv/10323-1.m3u8
   速度: 0.51KB/s | 数据量: 0.4KB | 总耗时: 1.12s | 阈值: 150KB/s
[2026-03-12 19:04:09] ✅ 通过阈值 HTTP测速: http://tvpull.dxhmt.cn:9081/tv/11381-1.m3u8
   速度: 1972.66KB/s | 数据量: 2.0KB | 总耗时: 0.06s | 阈值: 150KB/s
[2026-03-12 19:04:09] ✅ 通过阈值 HTTP测速: http://tvpull.dxhmt.cn:9081/tv/11327-1.m3u8
   速度: 1970.70KB/s | 数据量: 2.0KB | 总耗时: 0.05s | 阈值: 150KB/s
[2026-03-12 19:04:09] 🚫 未达阈值 HTTP测速: http://live.dxhmt.cn:9081/tv/11003-1.m3u8
   速度: 149.41KB/s | 数据量: 0.1KB | 总耗时: 0.85s | 阈值: 150KB/s
[2026-03-12 19:04:09] ✅ 通过阈值 HTTP测速: http://tvpull.dxhmt.cn:9081/tv/11324-1.m3u8
   速度: 1973.63KB/s | 数据量: 2.0KB | 总耗时: 0.05s | 阈值: 150KB/s
[2026-03-12 19:04:09] 🚫 未达阈值 HTTP测速: http://live.dxhmt.cn:9081/tv/11722-1.m3u8
   速度: 0.51KB/s | 数据量: 0.4KB | 总耗时: 1.49s | 阈值: 150KB/s
[2026-03-12 19:04:09] 🚫 未达阈值 HTTP测速: http://live.dxhmt.cn:9081/tv/11725-1.m3u8
   速度: 0.50KB/s | 数据量: 0.4KB | 总耗时: 1.50s | 阈值: 150KB/s
[2026-03-12 19:04:09] ✅ 通过阈值 HTTP测速: http://tvpull.dxhmt.cn:9081/tv/10883-1.m3u8
   速度: 1973.63KB/s | 数据量: 2.0KB | 总耗时: 0.05s | 阈值: 150KB/s
[2026-03-12 19:04:09] ✅ 通过阈值 HTTP测速: http://tvpull.dxhmt.cn:9081/tv/10425-1.m3u8
   速度: 1971.68KB/s | 数据量: 2.0KB | 总耗时: 0.05s | 阈值: 150KB/s
[2026-03-12 19:04:09] 🚫 未达阈值 HTTP测速: http://live.dxhmt.cn:9081/tv/10182-1.m3u8
   速度: 0.51KB/s | 数据量: 0.4KB | 总耗时: 1.14s | 阈值: 150KB/s
[2026-03-12 19:04:09] ✅ 通过阈值 HTTP测速: http://tvpull.dxhmt.cn:9081/tv/10621-1.m3u8
   速度: 1973.63KB/s | 数据量: 2.0KB | 总耗时: 0.05s | 阈值: 150KB/s
[2026-03-12 19:04:10] 🚫 未达阈值 HTTP测速: http://live.dxhmt.cn:9081/tv/11327-1.m3u8
   速度: 149.41KB/s | 数据量: 0.1KB | 总耗时: 0.92s | 阈值: 150KB/s
[2026-03-12 19:04:10] ✅ 通过阈值 HTTP测速: http://tvpull.dxhmt.cn:9081/tv/11121-1.m3u8
   速度: 1973.63KB/s | 数据量: 2.0KB | 总耗时: 0.06s | 阈值: 150KB/s
[2026-03-12 19:04:10] 🚫 未达阈值 HTTP测速: http://live.dxhmt.cn:9081/tv/11381-1.m3u8
   速度: 0.57KB/s | 数据量: 0.4KB | 总耗时: 1.13s | 阈值: 150KB/s
[2026-03-12 19:04:10] ✅ 通过阈值 HTTP测速: http://live.dxhmt.cn:9081/tv/11024-1.m3u8
   速度: 364.26KB/s | 数据量: 0.4KB | 总耗时: 1.21s | 阈值: 150KB/s
[2026-03-12 19:04:10] ✅ 通过阈值 HTTP测速: http://live.dxhmt.cn:9081/tv/10825-1.m3u8
   速度: 364.26KB/s | 数据量: 0.4KB | 总耗时: 1.57s | 阈值: 150KB/s
[2026-03-12 19:04:10] ✅ 通过阈值 HTTP测速: http://tvpull.dxhmt.cn:9081/tv/11221-1.m3u8
   速度: 1971.68KB/s | 数据量: 2.0KB | 总耗时: 0.05s | 阈值: 150KB/s
[2026-03-12 19:04:10] 🚫 未达阈值 HTTP测速: http://live.dxhmt.cn:9081/tv/10581-1.m3u8
   速度: 0.50KB/s | 数据量: 0.4KB | 总耗时: 1.36s | 阈值: 150KB/s
[2026-03-12 19:04:10] ✅ 通过阈值 HTTP测速: http://tvpull.dxhmt.cn:9081/tv/10823-1.m3u8
   速度: 1971.68KB/s | 数据量: 2.0KB | 总耗时: 0.05s | 阈值: 150KB/s
[2026-03-12 19:04:10] 🚫 未达阈值 HTTP测速: http://live.dxhmt.cn:9081/tv/10727-1.m3u8
   速度: 0.49KB/s | 数据量: 0.4KB | 总耗时: 1.50s | 阈值: 150KB/s
[2026-03-12 19:04:10] ✅ 通过阈值 HTTP测速: http://tvpull.dxhmt.cn:9081/tv/10184-1.m3u8
   速度: 1971.68KB/s | 数据量: 2.0KB | 总耗时: 0.05s | 阈值: 150KB/s
[2026-03-12 19:04:10] ✅ 通过阈值 HTTP测速: http://tvpull.dxhmt.cn:9081/tv/10782-1.m3u8
   速度: 1973.63KB/s | 数据量: 2.0KB | 总耗时: 0.05s | 阈值: 150KB/s
[2026-03-12 19:04:10] ✅ 通过阈值 HTTP测速: http://tvpull.dxhmt.cn:9081/tv/11481-1.m3u8
   速度: 1973.63KB/s | 数据量: 2.0KB | 总耗时: 0.05s | 阈值: 150KB/s
[2026-03-12 19:04:10] 🚫 未达阈值 HTTP测速: http://live.dxhmt.cn:9081/tv/10782-1.m3u8
   速度: 149.41KB/s | 数据量: 0.1KB | 总耗时: 0.43s | 阈值: 150KB/s
[2026-03-12 19:04:10] 🚫 未达阈值 HTTP测速: http://live.dxhmt.cn:9081/tv/11324-1.m3u8
   速度: 0.49KB/s | 数据量: 0.4KB | 总耗时: 1.18s | 阈值: 150KB/s
[2026-03-12 19:04:10] ✅ 通过阈值 HTTP测速: http://tvpull.dxhmt.cn:9081/tv/11081-1.m3u8
   速度: 1970.70KB/s | 数据量: 2.0KB | 总耗时: 0.05s | 阈值: 150KB/s
[2026-03-12 19:04:10] ✅ 通过阈值 HTTP测速: http://tvpull.dxhmt.cn:9081/tv/10221-1.m3u8
   速度: 1971.68KB/s | 数据量: 2.0KB | 总耗时: 0.05s | 阈值: 150KB/s
[2026-03-12 19:04:11] ✅ 通过阈值 HTTP测速: http://live.dxhmt.cn:9081/tv/11081-1.m3u8
   速度: 364.26KB/s | 数据量: 0.4KB | 总耗时: 0.41s | 阈值: 150KB/s
[2026-03-12 19:04:11] 🚫 未达阈值 HTTP测速: http://live.dxhmt.cn:9081/tv/10883-1.m3u8
   速度: 0.51KB/s | 数据量: 0.4KB | 总耗时: 1.58s | 阈值: 150KB/s
[2026-03-12 19:04:11] 🚫 未达阈值 HTTP测速: http://live.dxhmt.cn:9081/tv/10425-1.m3u8
   速度: 0.51KB/s | 数据量: 0.4KB | 总耗时: 1.50s | 阈值: 150KB/s
[2026-03-12 19:04:11] 🚫 未达阈值 HTTP测速: http://live.dxhmt.cn:9081/tv/10621-1.m3u8
   速度: 0.50KB/s | 数据量: 0.4KB | 总耗时: 1.41s | 阈值: 150KB/s
[2026-03-12 19:04:11] ✅ 通过阈值 HTTP测速: http://tvpull.dxhmt.cn:9081/tv/11122-1.m3u8
   速度: 1973.63KB/s | 数据量: 2.0KB | 总耗时: 0.06s | 阈值: 150KB/s
[2026-03-12 19:04:11] ✅ 通过阈值 HTTP测速: http://tvpull.dxhmt.cn:9081/tv/10421-1.m3u8
   速度: 1973.63KB/s | 数据量: 2.0KB | 总耗时: 0.05s | 阈值: 150KB/s
[2026-03-12 19:04:11] ✅ 通过阈值 HTTP测速: http://tvpull.dxhmt.cn:9081/tv/10183-2.m3u8
   速度: 1971.68KB/s | 数据量: 2.0KB | 总耗时: 0.05s | 阈值: 150KB/s
[2026-03-12 19:04:11] ✅ 通过阈值 HTTP测速: http://live.dxhmt.cn:9081/tv/11121-1.m3u8
   速度: 364.26KB/s | 数据量: 0.4KB | 总耗时: 1.30s | 阈值: 150KB/s
[2026-03-12 19:04:11] ✅ 通过阈值 HTTP测速: http://live.dxhmt.cn:9081/tv/10184-1.m3u8
   速度: 364.26KB/s | 数据量: 0.4KB | 总耗时: 1.13s | 阈值: 150KB/s
[2026-03-12 19:04:11] 🚫 未达阈值 HTTP测速: http://live.dxhmt.cn:9081/tv/10823-1.m3u8
   速度: 0.51KB/s | 数据量: 0.4KB | 总耗时: 1.22s | 阈值: 150KB/s
[2026-03-12 19:04:11] 🚫 未达阈值 HTTP测速: http://live.dxhmt.cn:9081/tv/11221-1.m3u8
   速度: 0.50KB/s | 数据量: 0.4KB | 总耗时: 1.27s | 阈值: 150KB/s
[2026-03-12 19:04:11] 🚫 未达阈值 HTTP测速: http://live.dxhmt.cn:9081/tv/11481-1.m3u8
   速度: 0.51KB/s | 数据量: 0.4KB | 总耗时: 1.13s | 阈值: 150KB/s
[2026-03-12 19:04:11] 🚫 未达阈值 HTTP测速: http://live.dxhmt.cn:9081/tv/10221-1.m3u8
   速度: 0.49KB/s | 数据量: 0.4KB | 总耗时: 1.17s | 阈值: 150KB/s
[2026-03-12 19:04:12] ✅ 通过阈值 HTTP测速: http://ali-xwl.cztv.com/live/channel4k2160p.m3u8
   速度: 462.89KB/s | 数据量: 0.5KB | 总耗时: 0.69s | 阈值: 150KB/s
[2026-03-12 19:04:12] ✅ 通过阈值 HTTP测速: http://hlsal-ldvt.qing.mgtv.com/nn_live/nn_x64/dWlwPTEyNy4wLjAuMSZ1aWQ9cWluZy1jbXMmbm5fdGltZXpvbmU9OCZjZG5leF9pZD1hbF9obHNfbGR2dCZ1dWlkPTliODY4NmU5ZTM2YzYwMmMmZT02OTE0NjA0JnY9MSZpZD1ITldTWkdTVCZzPTcwN2RiYTc2YzJjNmJmMTQ4MmUyZGYzOWU2NWM3YWFi/HNWSZGST.m3u8
   速度: 225.59KB/s | 数据量: 0.2KB | 总耗时: 0.99s | 阈值: 150KB/s
[2026-03-12 19:04:12] ✅ HTTPS测速成功: https://play-qukan.cztv.com/live/1758879019692345.m3u8
   速度: 16.60KB/s | 数据量: 0.0KB | 总耗时: 0.70s | 证书: 有效
[2026-03-12 19:04:12] RTMP检测异常: rtmp://rtmp.tv.stream3.hndt.com/tv/647f9277018410008cf925e200000000?wsSecret=9a23316ee66e918684e097f&wsSecret=c38268fc759b44cd36f31116dac21cb3&wsTime=1773323897 | [Errno 2] No such file or directory: 'ffmpeg'
[2026-03-12 19:04:12] 🚫 未达阈值 HTTP测速: http://play-qukan.cztv.com/live/1758879019692345.m3u8
   速度: 16.60KB/s | 数据量: 0.0KB | 总耗时: 0.92s | 阈值: 150KB/s
[2026-03-12 19:04:12] 🚫 未达阈值 HTTP测速: http://live.dxhmt.cn:9081/tv/11122-1.m3u8
   速度: 0.50KB/s | 数据量: 0.4KB | 总耗时: 1.15s | 阈值: 150KB/s
[2026-03-12 19:04:12] 🚫 未达阈值 HTTP测速: http://live.dxhmt.cn:9081/tv/10421-1.m3u8
   速度: 0.50KB/s | 数据量: 0.4KB | 总耗时: 1.15s | 阈值: 150KB/s
[2026-03-12 19:04:12] 🚫 未达阈值 HTTP测速: http://live.dxhmt.cn:9081/tv/10183-2.m3u8
   速度: 0.51KB/s | 数据量: 0.4KB | 总耗时: 1.13s | 阈值: 150KB/s
[2026-03-12 19:04:12] ✅ 通过阈值 HTTP测速: http://107.150.60.122/live/cctv2hd.m3u8
   速度: 198.24KB/s | 数据量: 0.2KB | 总耗时: 0.20s | 阈值: 150KB/s
[2026-03-12 19:04:12] ✅ 通过阈值 HTTP测速: http://107.150.60.122/live/cctv3hd.m3u8
   速度: 197.27KB/s | 数据量: 0.2KB | 总耗时: 0.20s | 阈值: 150KB/s
[2026-03-12 19:04:12] ✅ 通过阈值 HTTP测速: http://107.150.60.122/live/cctv4k.m3u8
   速度: 206.05KB/s | 数据量: 0.2KB | 总耗时: 0.20s | 阈值: 150KB/s
[2026-03-12 19:04:12] ✅ 通过阈值 HTTP测速: http://107.150.60.122/live/cctv6hd.m3u8
   速度: 199.22KB/s | 数据量: 0.2KB | 总耗时: 0.20s | 阈值: 150KB/s
[2026-03-12 19:04:12] ✅ 通过阈值 HTTP测速: http://107.150.60.122/live/cctv8hd.m3u8
   速度: 190.43KB/s | 数据量: 0.2KB | 总耗时: 0.20s | 阈值: 150KB/s
[2026-03-12 19:04:12] ✅ 通过阈值 HTTP测速: http://hlszymgsplive.miguvideo.com:8080/migu/kailu/ydcmc/50/20251225/index.m3u8?msisdn=202603121803563f9bed900a9a437b9337da91c3e19b58&mdspid=&spid=600603&netType=0&sid=5910022320&pid=2028597139&timestamp=20260312180356&Channel_ID=0116_2600034600-99000-201600010010028&ProgramID=961930369&ParentNodeID=-99&assertID=5910022320&client_ip=39.98.44.106&SecurityKey=20260312180356&promotionId=&mvid=5900006785&mcid=500020&playurlVersion=ZQ-A1-9.2.2-RELEASE&userid=&jmhm=&videocodec=h264&appCode=miguvideo_android&bean=mgspad&tid=android&conFee=0&encrypt=3fd6603867ffdcc234caa77730d0f45d&sv=10004&ct=android
   速度: 655.27KB/s | 数据量: 0.7KB | 总耗时: 1.15s | 阈值: 150KB/s
[2026-03-12 19:04:12] ✅ 通过阈值 HTTP测速: http://107.150.60.122/live/cctv10hd.m3u8
   速度: 201.17KB/s | 数据量: 0.2KB | 总耗时: 0.20s | 阈值: 150KB/s
[2026-03-12 19:04:12] ✅ 通过阈值 HTTP测速: http://107.150.60.122/live/cctv9hd.m3u8
   速度: 192.38KB/s | 数据量: 0.2KB | 总耗时: 0.22s | 阈值: 150KB/s
[2026-03-12 19:04:12] ✅ 通过阈值 HTTP测速: http://107.150.60.122/live/cctv15hd.m3u8
   速度: 192.38KB/s | 数据量: 0.2KB | 总耗时: 0.20s | 阈值: 150KB/s
[2026-03-12 19:04:12] ✅ 通过阈值 HTTP测速: http://107.150.60.122/live/cctv16hd.m3u8
   速度: 201.17KB/s | 数据量: 0.2KB | 总耗时: 0.20s | 阈值: 150KB/s
[2026-03-12 19:04:12] ✅ 通过阈值 HTTP测速: http://107.150.60.122/live/cctv5p.m3u8
   速度: 200.20KB/s | 数据量: 0.2KB | 总耗时: 0.20s | 阈值: 150KB/s
[2026-03-12 19:04:13] ✅ HTTPS测速成功: https://dxtx.hntv.tv/live/lypd.m3u8?txSecret=10c771842a0be59e8b575d765173ec96&txTime=7B923E0A&wsSecret=db462f249e268e04b4620e29ffd0e4ad&wsTime=1773323897
   速度: 280.27KB/s | 数据量: 0.3KB | 总耗时: 0.68s | 证书: 有效
[2026-03-12 19:04:13] ✅ HTTPS测速成功: https://iptv.catvod.com/live.php?id=CCTV4&line=15
   速度: 210.94KB/s | 数据量: 0.2KB | 总耗时: 0.17s | 证书: 有效
[2026-03-12 19:04:13] ✅ HTTPS测速成功: https://dxtx.hntv.tv/live/wssj.m3u8?txSecret=c38b4d31ba4c45c6babb5c47132123e3&txTime=7ABB976A&wsSecret=71581f98354e323adda3f761b346c648&wsTime=1773323897
   速度: 280.27KB/s | 数据量: 0.3KB | 总耗时: 0.67s | 证书: 有效
[2026-03-12 19:04:13] ✅ 通过阈值 HTTP测速: http://112.132.10.54:9901/tsfile/live/0003_1.m3u8?key=txiptv&playlive=1&authid=0
   速度: 418.95KB/s | 数据量: 0.4KB | 总耗时: 0.41s | 阈值: 150KB/s
[2026-03-12 19:04:13] ✅ 通过阈值 HTTP测速: http://74.91.26.218:82/live/cctv4hd.m3u8
   速度: 201.17KB/s | 数据量: 0.2KB | 总耗时: 0.20s | 阈值: 150KB/s
[2026-03-12 19:04:13] ✅ HTTPS测速成功: https://dxtx.hntv.tv/live/wwbk.m3u8?txSecret=317b89626134fd6bea6e129455b5ff18&txTime=7C4C635C&wsSecret=60b7041db0753e467857692da899a60f&wsTime=1773323897
   速度: 277.34KB/s | 数据量: 0.3KB | 总耗时: 0.92s | 证书: 有效
[2026-03-12 19:04:13] ✅ 通过阈值 HTTP测速: http://223.112.114.228:50080/newlive/live/hls/180/live.m3u8
   速度: 232.42KB/s | 数据量: 0.2KB | 总耗时: 0.30s | 阈值: 150KB/s
[2026-03-12 19:04:13] ✅ 通过阈值 HTTP测速: http://74.91.26.218:82/live/cctv5p.m3u8
   速度: 204.10KB/s | 数据量: 0.2KB | 总耗时: 0.20s | 阈值: 150KB/s
[2026-03-12 19:04:13] ✅ 通过阈值 HTTP测速: http://112.132.10.54:9901/tsfile/live/0005_1.m3u8?key=txiptv&playlive=1&authid=0
   速度: 418.95KB/s | 数据量: 0.4KB | 总耗时: 0.40s | 阈值: 150KB/s
[2026-03-12 19:04:13] ✅ 通过阈值 HTTP测速: http://107.150.60.122/live/cctv11hd.m3u8
   速度: 194.34KB/s | 数据量: 0.2KB | 总耗时: 0.20s | 阈值: 150KB/s
[2026-03-12 19:04:13] ✅ 通过阈值 HTTP测速: http://183.215.134.239:19901/tsfile/live/0001_1.m3u8?key=txiptv&playlive=1&authid=0
   速度: 418.95KB/s | 数据量: 0.4KB | 总耗时: 1.06s | 阈值: 150KB/s
[2026-03-12 19:04:13] ✅ HTTPS测速成功: https://dxtx.hntv.tv/live/jczy.m3u8?txSecret=e785008e49564e5e738439b4dd2ae68e&txTime=7C4C6207&wsSecret=5ea391447009a29fbec609e8f6781d36&wsTime=1773323897
   速度: 280.27KB/s | 数据量: 0.3KB | 总耗时: 0.89s | 证书: 有效
[2026-03-12 19:04:13] ✅ 通过阈值 HTTP测速: http://183.215.134.239:19901/tsfile/live/0003_1.m3u8?key=txiptv&playlive=1&authid=0
   速度: 418.95KB/s | 数据量: 0.4KB | 总耗时: 1.03s | 阈值: 150KB/s
[2026-03-12 19:04:13] ✅ 通过阈值 HTTP测速: http://112.132.10.54:9901/tsfile/live/0008_1.m3u8?key=txiptv&playlive=1&authid=0
   速度: 418.95KB/s | 数据量: 0.4KB | 总耗时: 0.41s | 阈值: 150KB/s
[2026-03-12 19:04:13] ✅ 通过阈值 HTTP测速: http://23.237.228.134/live3/CCTV12.m3u8
   速度: 1319.34KB/s | 数据量: 1.3KB | 总耗时: 0.11s | 阈值: 150KB/s
[2026-03-12 19:04:13] ✅ 通过阈值 HTTP测速: http://1.24.39.180:9003/hls/8/index.m3u8
   速度: 183.59KB/s | 数据量: 0.2KB | 总耗时: 0.43s | 阈值: 150KB/s
[2026-03-12 19:04:14] ✅ 通过阈值 HTTP测速: http://74.91.26.218:82/live/cctv12hd.m3u8
   速度: 201.17KB/s | 数据量: 0.2KB | 总耗时: 0.20s | 阈值: 150KB/s
[2026-03-12 19:04:14] ✅ 通过阈值 HTTP测速: http://183.215.134.239:19901/tsfile/live/0005_1.m3u8?key=txiptv&playlive=1&authid=0
   速度: 418.95KB/s | 数据量: 0.4KB | 总耗时: 0.86s | 阈值: 150KB/s
[2026-03-12 19:04:14] ✅ 通过阈值 HTTP测速: http://124.165.251.82:85/tsfile/live/0012_1.m3u8?key=txiptv&playlive=1&authid=0
   速度: 423.83KB/s | 数据量: 0.4KB | 总耗时: 0.43s | 阈值: 150KB/s
[2026-03-12 19:04:14] ✅ 通过阈值 HTTP测速: http://74.91.26.218:82/live/cctv2hd.m3u8
   速度: 201.17KB/s | 数据量: 0.2KB | 总耗时: 0.20s | 阈值: 150KB/s
[2026-03-12 19:04:14] ✅ 通过阈值 HTTP测速: http://39.152.103.17:8089/tsfile/live/1015_1.m3u8
   速度: 658.20KB/s | 数据量: 0.7KB | 总耗时: 0.37s | 阈值: 150KB/s
[2026-03-12 19:04:14] ✅ 通过阈值 HTTP测速: http://74.91.26.218:82/live/cctv7hd.m3u8
   速度: 201.17KB/s | 数据量: 0.2KB | 总耗时: 0.20s | 阈值: 150KB/s
[2026-03-12 19:04:14] ✅ 通过阈值 HTTP测速: http://1.24.39.180:9003/hls/60/index.m3u8
   速度: 183.59KB/s | 数据量: 0.2KB | 总耗时: 0.42s | 阈值: 150KB/s
[2026-03-12 19:04:14] ✅ 通过阈值 HTTP测速: http://183.215.134.239:19901/tsfile/live/0008_1.m3u8?key=txiptv&playlive=1&authid=0
   速度: 418.95KB/s | 数据量: 0.4KB | 总耗时: 0.99s | 阈值: 150KB/s
[2026-03-12 19:04:14] ✅ 通过阈值 HTTP测速: http://cd-live-stream.news.cctvplus.com/live/smil:CHANNEL1.smil/chunklist_w744036192_b1000000.m3u8
   速度: 262.70KB/s | 数据量: 0.3KB | 总耗时: 0.75s | 阈值: 150KB/s
[2026-03-12 19:04:14] ✅ 通过阈值 HTTP测速: http://74.91.26.218:82/live/cctv10hd.m3u8
   速度: 204.10KB/s | 数据量: 0.2KB | 总耗时: 0.20s | 阈值: 150KB/s
[2026-03-12 19:04:14] ✅ 通过阈值 HTTP测速: http://74.91.26.218:82/live/cctv11hd.m3u8
   速度: 204.10KB/s | 数据量: 0.2KB | 总耗时: 0.20s | 阈值: 150KB/s
[2026-03-12 19:04:14] ✅ 通过阈值 HTTP测速: http://39.152.103.17:8089/tsfile/live/1068_1.m3u8?key=txiptv&playlive=1&down=1
   速度: 647.46KB/s | 数据量: 0.6KB | 总耗时: 0.37s | 阈值: 150KB/s
[2026-03-12 19:04:14] ✅ 通过阈值 HTTP测速: http://1.24.39.180:9003/hls/10/index.m3u8
   速度: 183.59KB/s | 数据量: 0.2KB | 总耗时: 0.43s | 阈值: 150KB/s
[2026-03-12 19:04:14] ✅ 通过阈值 HTTP测速: http://74.91.26.218:82/live/cctv9hd.m3u8
   速度: 201.17KB/s | 数据量: 0.2KB | 总耗时: 0.20s | 阈值: 150KB/s
[2026-03-12 19:04:14] ✅ 通过阈值 HTTP测速: http://112.27.235.94:8000/hls/10/index.m3u8
   速度: 246.09KB/s | 数据量: 0.2KB | 总耗时: 0.32s | 阈值: 150KB/s
[2026-03-12 19:04:15] ✅ 通过阈值 HTTP测速: http://74.91.26.218:82/live/cctv6hd.m3u8
   速度: 195.31KB/s | 数据量: 0.2KB | 总耗时: 0.20s | 阈值: 150KB/s
[2026-03-12 19:04:15] ✅ 通过阈值 HTTP测速: http://198.204.240.250:82/live/cctv4k.m3u8?jsbt=1760495957&jsbk=138a7cd8fb02f369c744cf0ceb413e85
   速度: 205.08KB/s | 数据量: 0.2KB | 总耗时: 0.10s | 阈值: 150KB/s
[2026-03-12 19:04:15] ✅ 通过阈值 HTTP测速: http://1.24.39.180:9003/hls/6/index.m3u8
   速度: 183.59KB/s | 数据量: 0.2KB | 总耗时: 0.42s | 阈值: 150KB/s
[2026-03-12 19:04:15] ✅ 通过阈值 HTTP测速: http://74.91.26.218:82/live/cctv15hd.m3u8
   速度: 191.41KB/s | 数据量: 0.2KB | 总耗时: 0.22s | 阈值: 150KB/s
[2026-03-12 19:04:15] ✅ HTTPS测速成功: https://event.pull.hebtv.com/jishi/cp2.m3u8
   速度: 319.34KB/s | 数据量: 0.3KB | 总耗时: 0.84s | 证书: 有效
[2026-03-12 19:04:15] ✅ 通过阈值 HTTP测速: http://74.91.26.218:82/live/cctv8hd.m3u8
   速度: 208.98KB/s | 数据量: 0.2KB | 总耗时: 0.21s | 阈值: 150KB/s
[2026-03-12 19:04:15] ✅ 通过阈值 HTTP测速: http://107.150.60.122/live/cctv8k.m3u8
   速度: 198.24KB/s | 数据量: 0.2KB | 总耗时: 0.20s | 阈值: 150KB/s
[2026-03-12 19:04:15] ✅ 通过阈值 HTTP测速: http://113.25.252.226:9901/tsfile/live/1011_1.m3u8?key=txiptv&playlive=1&authid=0
   速度: 422.85KB/s | 数据量: 0.4KB | 总耗时: 0.52s | 阈值: 150KB/s
[2026-03-12 19:04:15] ✅ 通过阈值 HTTP测速: http://nn.7x9d.cn/xzc2.php?ua=TW96aWxsYS81LjAgKFdpbmRvd3MgTlQgNi4xOyBXaW42NDsgeDY0KSBBcHBsZVdlYktpdC81MzcuMzYgKEtIVE1MLCBsaWtlIEdlY2tvKSBDaHJvbWUvMTA2LjAuMC4wIFNhZmFyaS81MzcuMzY=&hls=aHR0cDovL3R2dGouanh3bHR4LmNvbTo4MDAzL2NjdHY3Lm0zdTg=
   速度: 391.60KB/s | 数据量: 0.4KB | 总耗时: 1.48s | 阈值: 150KB/s
[2026-03-12 19:04:15] ✅ 通过阈值 HTTP测速: http://113.25.252.226:9901/tsfile/live/1014_1.m3u8?key=txiptv&playlive=1&authid=0
   速度: 422.85KB/s | 数据量: 0.4KB | 总耗时: 0.48s | 阈值: 150KB/s
[2026-03-12 19:04:15] ✅ HTTPS测速成功: https://event.pull.hebtv.com/jishi/cp1.m3u8
   速度: 319.34KB/s | 数据量: 0.3KB | 总耗时: 2.41s | 证书: 有效
[2026-03-12 19:04:15] 🚫 未达阈值 HTTP测速: http://107.150.60.122/live/wsjk.m3u8
   速度: 148.44KB/s | 数据量: 0.1KB | 总耗时: 0.20s | 阈值: 150KB/s
[2026-03-12 19:04:15] ✅ 通过阈值 HTTP测速: http://113.25.252.226:9901/tsfile/live/1015_1.m3u8?key=txiptv&playlive=1&authid=0
   速度: 422.85KB/s | 数据量: 0.4KB | 总耗时: 0.53s | 阈值: 150KB/s
[2026-03-12 19:04:15] ✅ 通过阈值 HTTP测速: http://183.215.134.239:19901/tsfile/live/0013_1.m3u8?key=txiptv&playlive=1&authid=0
   速度: 423.83KB/s | 数据量: 0.4KB | 总耗时: 2.07s | 阈值: 150KB/s
[2026-03-12 19:04:15] ✅ 通过阈值 HTTP测速: http://183.215.134.239:19901/tsfile/live/0002_1.m3u8?key=txiptv&playlive=1&authid=0
   速度: 418.95KB/s | 数据量: 0.4KB | 总耗时: 1.98s | 阈值: 150KB/s
[2026-03-12 19:04:16] ✅ 通过阈值 HTTP测速: http://113.25.252.226:9901/tsfile/live/1018_1.m3u8?key=txiptv&playlive=1&authid=0
   速度: 422.85KB/s | 数据量: 0.4KB | 总耗时: 0.50s | 阈值: 150KB/s
[2026-03-12 19:04:16] ✅ 通过阈值 HTTP测速: http://23.237.228.134/live3/beijing.m3u8
   速度: 1319.34KB/s | 数据量: 1.3KB | 总耗时: 0.10s | 阈值: 150KB/s
[2026-03-12 19:04:16] ✅ 通过阈值 HTTP测速: http://107.150.60.122/live/cqwshd.m3u8
   速度: 196.29KB/s | 数据量: 0.2KB | 总耗时: 0.29s | 阈值: 150KB/s
[2026-03-12 19:04:16] ✅ 通过阈值 HTTP测速: http://61.163.181.78:85/tsfile/live/1045_1.m3u8?key=txiptv&playlive=1&authid=0
   速度: 433.59KB/s | 数据量: 0.4KB | 总耗时: 0.40s | 阈值: 150KB/s
[2026-03-12 19:04:16] ✅ 通过阈值 HTTP测速: http://153.0.171.163:9901/tsfile/live/0142_1.m3u8?key=txiptv&playlive=1&authid=0
   速度: 417.97KB/s | 数据量: 0.4KB | 总耗时: 0.44s | 阈值: 150KB/s
[2026-03-12 19:04:16] ✅ 通过阈值 HTTP测速: http://23.237.228.134/live3/dongfang.m3u8
   速度: 1319.34KB/s | 数据量: 1.3KB | 总耗时: 0.10s | 阈值: 150KB/s
[2026-03-12 19:04:16] ✅ 通过阈值 HTTP测速: http://113.25.252.226:9901/tsfile/live/1030_1.m3u8?key=txiptv&playlive=1&authid=0
   速度: 422.85KB/s | 数据量: 0.4KB | 总耗时: 0.51s | 阈值: 150KB/s
[2026-03-12 19:04:16] ✅ HTTPS测速成功: https://bp-resource-dfl.bestv.cn/148/3/video.m3u8
   速度: 832.03KB/s | 数据量: 0.8KB | 总耗时: 0.58s | 证书: 有效
[2026-03-12 19:04:16] ✅ 通过阈值 HTTP测速: http://113.25.252.226:9901/tsfile/live/1017_1.m3u8?key=txiptv&playlive=1&authid=0
   速度: 422.85KB/s | 数据量: 0.4KB | 总耗时: 1.29s | 阈值: 150KB/s
[2026-03-12 19:04:16] ✅ 通过阈值 HTTP测速: http://bp-resource-dfl.bestv.cn/148/3/video.m3u8
   速度: 832.03KB/s | 数据量: 0.8KB | 总耗时: 0.98s | 阈值: 150KB/s
[2026-03-12 19:04:16] ✅ 通过阈值 HTTP测速: http://107.150.60.122/live/dfwshd.m3u8
   速度: 187.50KB/s | 数据量: 0.2KB | 总耗时: 0.21s | 阈值: 150KB/s
[2026-03-12 19:04:16] ✅ 通过阈值 HTTP测速: http://107.150.60.122/live/dnwshd.m3u8
   速度: 196.29KB/s | 数据量: 0.2KB | 总耗时: 0.21s | 阈值: 150KB/s
[2026-03-12 19:04:17] ✅ 通过阈值 HTTP测速: http://153.0.171.163:9901/tsfile/live/0107_1.m3u8?key=txiptv&playlive=1&authid=0
   速度: 417.97KB/s | 数据量: 0.4KB | 总耗时: 0.43s | 阈值: 150KB/s
[2026-03-12 19:04:17] ✅ 通过阈值 HTTP测速: http://112.123.243.37:50085/tsfile/live/0124_1.m3u8?key=txiptv&playlive=0&authid=0
   速度: 2625.00KB/s | 数据量: 2.6KB | 总耗时: 0.40s | 阈值: 150KB/s
[2026-03-12 19:04:17] ✅ HTTPS测速成功: https://txmov2.a.kwimgs.com/bs3/video-hls/5219953535631090825_hlsb.m3u8
   速度: 1552.20KB/s | 数据量: 165.3KB | 总耗时: 0.53s | 证书: 有效
[2026-03-12 19:04:17] ✅ HTTPS测速成功: https://p2.bdstatic.com/rtmp.liveshow.lss-user.baidubce.com/live/stream_bduid_6488563992_8982723413/merged_1707497046297_88536_25144_41936.m3u8
   速度: 217.94KB/s | 数据量: 103.6KB | 总耗时: 1.12s | 证书: 有效
[2026-03-12 19:04:17] ✅ 通过阈值 HTTP测速: http://183.215.134.239:19901/tsfile/live/0107_1.m3u8?key=txiptv&playlive=1&authid=0
   速度: 428.71KB/s | 数据量: 0.4KB | 总耗时: 0.95s | 阈值: 150KB/s
[2026-03-12 19:04:17] ✅ 通过阈值 HTTP测速: http://61.221.215.25:8800/hls/47/index.m3u8
   速度: 251.95KB/s | 数据量: 0.3KB | 总耗时: 0.29s | 阈值: 150KB/s
[2026-03-12 19:04:17] ✅ 通过阈值 HTTP测速: http://107.150.60.122/live/gdwshd.m3u8
   速度: 191.41KB/s | 数据量: 0.2KB | 总耗时: 0.20s | 阈值: 150KB/s
[2026-03-12 19:04:17] ✅ 通过阈值 HTTP测速: http://112.27.235.94:8000/hls/30/index.m3u8
   速度: 246.09KB/s | 数据量: 0.2KB | 总耗时: 0.33s | 阈值: 150KB/s
[2026-03-12 19:04:17] ✅ 通过阈值 HTTP测速: http://122.152.202.33/s/81a8a44f/index.m3u8?id=15
   速度: 187.50KB/s | 数据量: 0.2KB | 总耗时: 0.54s | 阈值: 150KB/s
[2026-03-12 19:04:17] ✅ 通过阈值 HTTP测速: http://153.0.171.163:9901/tsfile/live/0125_1.m3u8?key=txiptv&playlive=1&authid=0
   速度: 417.97KB/s | 数据量: 0.4KB | 总耗时: 0.43s | 阈值: 150KB/s
[2026-03-12 19:04:17] ✅ 通过阈值 HTTP测速: http://113.15.109.216:59901/tsfile/live/0113_1.m3u8?key=txiptv&playlive=1&authid=0
   速度: 428.71KB/s | 数据量: 0.4KB | 总耗时: 0.47s | 阈值: 150KB/s
[2026-03-12 19:04:17] ✅ 通过阈值 HTTP测速: http://153.0.171.163:9901/tsfile/live/0113_1.m3u8?key=txiptv&playlive=1&authid=0
   速度: 407.23KB/s | 数据量: 0.4KB | 总耗时: 0.43s | 阈值: 150KB/s
[2026-03-12 19:04:18] ✅ 通过阈值 HTTP测速: http://107.150.60.122/live/hbwshd.m3u8
   速度: 196.29KB/s | 数据量: 0.2KB | 总耗时: 0.20s | 阈值: 150KB/s
[2026-03-12 19:04:18] ✅ HTTPS测速成功: https://liveout.xntv.tv/a65jur/96iln2.m3u8
   速度: 266.60KB/s | 数据量: 0.3KB | 总耗时: 1.01s | 证书: 有效
[2026-03-12 19:04:18] ✅ 通过阈值 HTTP测速: http://tvpull.dxhmt.cn:9081/tv/11425-1.m3u8
   速度: 1973.63KB/s | 数据量: 2.0KB | 总耗时: 0.06s | 阈值: 150KB/s
[2026-03-12 19:04:18] ✅ 通过阈值 HTTP测速: http://153.0.171.163:9901/tsfile/live/0132_1.m3u8?key=txiptv&playlive=1&authid=0
   速度: 407.23KB/s | 数据量: 0.4KB | 总耗时: 0.43s | 阈值: 150KB/s
[2026-03-12 19:04:18] ✅ HTTPS测速成功: https://hlscdn.liangtv.cn/live/de0f97348eb84f62aa6b7d8cf0430770/dd505d87880c478f901f38560ca4d4e6.m3u8
   速度: 179.69KB/s | 数据量: 0.2KB | 总耗时: 0.38s | 证书: 有效
[2026-03-12 19:04:18] ✅ 通过阈值 HTTP测速: http://153.0.171.163:9901/tsfile/live/0143_1.m3u8?key=txiptv&playlive=1&authid=0
   速度: 428.71KB/s | 数据量: 0.4KB | 总耗时: 0.43s | 阈值: 150KB/s
[2026-03-12 19:04:18] ✅ HTTPS测速成功: https://gcalic.v.myalicdn.com/gc/fhgcdnhs_1/index.m3u8
   速度: 334.96KB/s | 数据量: 0.3KB | 总耗时: 0.91s | 证书: 有效
[2026-03-12 19:04:18] ✅ HTTPS测速成功: https://gcalic.v.myalicdn.com/gc/fhgcdgm_1/index.m3u8
   速度: 324.22KB/s | 数据量: 0.3KB | 总耗时: 0.94s | 证书: 有效
[2026-03-12 19:04:18] ✅ 通过阈值 HTTP测速: http://113.25.252.226:9901/tsfile/live/1032_1.m3u8?key=txiptv&playlive=1&authid=0
   速度: 422.85KB/s | 数据量: 0.4KB | 总耗时: 0.44s | 阈值: 150KB/s
[2026-03-12 19:04:18] ✅ 通过阈值 HTTP测速: http://153.0.171.163:9901/tsfile/live/0139_1.m3u8?key=txiptv&playlive=1&authid=0
   速度: 417.97KB/s | 数据量: 0.4KB | 总耗时: 0.46s | 阈值: 150KB/s
[2026-03-12 19:04:18] ✅ 通过阈值 HTTP测速: http://74.91.26.218:82/live/hnwshd.m3u8
   速度: 191.41KB/s | 数据量: 0.2KB | 总耗时: 0.25s | 阈值: 150KB/s
[2026-03-12 19:04:18] ✅ HTTPS测速成功: https://txmov2.a.kwimgs.com/bs3/video-hls/5199687338554291078_hlsb.m3u8
   速度: 1496.63KB/s | 数据量: 106.5KB | 总耗时: 0.31s | 证书: 有效
[2026-03-12 19:04:19] ✅ 通过阈值 HTTP测速: http://153.0.171.163:9901/tsfile/live/0128_1.m3u8?key=txiptv&playlive=1&authid=0
   速度: 428.71KB/s | 数据量: 0.4KB | 总耗时: 0.42s | 阈值: 150KB/s
[2026-03-12 19:04:19] ✅ 通过阈值 HTTP测速: http://l.cztvcloud.com/channels/lantian/SXyuyao3/720p.m3u8
   速度: 292.97KB/s | 数据量: 0.3KB | 总耗时: 1.08s | 阈值: 150KB/s
[2026-03-12 19:04:19] ✅ 通过阈值 HTTP测速: http://1.94.31.214/php/hntv.php?id=hnws
   速度: 335.94KB/s | 数据量: 0.3KB | 总耗时: 1.01s | 阈值: 150KB/s
[2026-03-12 19:04:19] ✅ 通过阈值 HTTP测速: http://23.237.228.134/live3/jiangsu.m3u8
   速度: 1319.34KB/s | 数据量: 1.3KB | 总耗时: 0.10s | 阈值: 150KB/s
[2026-03-12 19:04:19] ✅ 通过阈值 HTTP测速: http://39.152.103.17:8089/tsfile/live/1046_1.m3u8
   速度: 658.20KB/s | 数据量: 0.7KB | 总耗时: 0.43s | 阈值: 150KB/s
[2026-03-12 19:04:19] ✅ 通过阈值 HTTP测速: http://107.150.60.122/live/jswshd.m3u8
   速度: 187.50KB/s | 数据量: 0.2KB | 总耗时: 0.20s | 阈值: 150KB/s
[2026-03-12 19:04:19] 🚫 未达阈值 HTTP测速: http://antvlive.ab5c6921.cdnviet.com/antv/playlist.m3u8
   速度: 123.05KB/s | 数据量: 0.1KB | 总耗时: 1.02s | 阈值: 150KB/s
[2026-03-12 19:04:19] ✅ 通过阈值 HTTP测速: http://36.32.174.67:60080/newlive/live/hls/46/live.m3u8
   速度: 232.42KB/s | 数据量: 0.2KB | 总耗时: 0.79s | 阈值: 150KB/s
[2026-03-12 19:04:19] ✅ 通过阈值 HTTP测速: http://107.150.60.122/live/lnwshd.m3u8
   速度: 196.29KB/s | 数据量: 0.2KB | 总耗时: 0.20s | 阈值: 150KB/s
[2026-03-12 19:04:19] ✅ 通过阈值 HTTP测速: http://153.0.171.163:9901/tsfile/live/0138_1.m3u8?key=txiptv&playlive=1&authid=0
   速度: 407.23KB/s | 数据量: 0.4KB | 总耗时: 0.43s | 阈值: 150KB/s
[2026-03-12 19:04:19] ✅ 通过阈值 HTTP测速: http://36.32.174.67:60080/newlive/live/hls/40/live.m3u8
   速度: 232.42KB/s | 数据量: 0.2KB | 总耗时: 0.82s | 阈值: 150KB/s
[2026-03-12 19:04:20] ✅ 通过阈值 HTTP测速: http://153.0.171.163:9901/tsfile/live/0121_1.m3u8?key=txiptv&playlive=1&authid=0
   速度: 407.23KB/s | 数据量: 0.4KB | 总耗时: 0.42s | 阈值: 150KB/s
[2026-03-12 19:04:20] ✅ 通过阈值 HTTP测速: http://112.27.235.94:8000/hls/49/index.m3u8
   速度: 246.09KB/s | 数据量: 0.2KB | 总耗时: 0.37s | 阈值: 150KB/s
[2026-03-12 19:04:20] 🚫 未达阈值 HTTP测速: http://8.138.7.223/%E3%80%90%E5%85%AC%E4%BC%97%E5%8F%B7%EF%BC%9A%E6%A6%B4%E8%8A%92%E7%94%B5%E8%A7%86%E3%80%91/%E5%86%9C%E6%9E%97%E5%8D%AB%E8%A7%86.m3u8
   速度: 118.16KB/s | 数据量: 0.1KB | 总耗时: 0.44s | 阈值: 150KB/s
[2026-03-12 19:04:20] ✅ 通过阈值 HTTP测速: http://153.0.171.163:9901/tsfile/live/0109_1.m3u8?key=txiptv&playlive=1&authid=0
   速度: 407.23KB/s | 数据量: 0.4KB | 总耗时: 0.42s | 阈值: 150KB/s
[2026-03-12 19:04:20] ✅ 通过阈值 HTTP测速: http://113.25.252.226:9901/tsfile/live/1037_1.m3u8?key=txiptv&playlive=1&authid=0
   速度: 422.85KB/s | 数据量: 0.4KB | 总耗时: 1.31s | 阈值: 150KB/s
[2026-03-12 19:04:20] ✅ 通过阈值 HTTP测速: http://153.0.171.163:9901/tsfile/live/0112_1.m3u8?key=txiptv&playlive=1&authid=0
   速度: 417.97KB/s | 数据量: 0.4KB | 总耗时: 0.45s | 阈值: 150KB/s
[2026-03-12 19:04:20] ✅ 通过阈值 HTTP测速: http://119.91.7.169:2026/ysws.php?id=CCTV10
   速度: 955.74KB/s | 数据量: 5120.0KB | 总耗时: 6.27s | 阈值: 150KB/s
[2026-03-12 19:04:20] ✅ 通过阈值 HTTP测速: http://107.150.60.122/live/qhws.m3u8
   速度: 185.55KB/s | 数据量: 0.2KB | 总耗时: 0.20s | 阈值: 150KB/s
[2026-03-12 19:04:20] ✅ 通过阈值 HTTP测速: http://113.25.252.226:9901/tsfile/live/1046_1.m3u8?key=txiptv&playlive=1&authid=0
   速度: 422.85KB/s | 数据量: 0.4KB | 总耗时: 0.46s | 阈值: 150KB/s
[2026-03-12 19:04:20] 🚫 未达阈值 HTTP测速: http://61.216.67.119:1935/bltvhd/bltv1/chunklist_w1266569526.m3u8
   速度: 4.28KB/s | 数据量: 0.6KB | 总耗时: 0.42s | 阈值: 150KB/s
[2026-03-12 19:04:20] 🚫 未达阈值 HTTP测速: http://61.216.67.119:1935/bltvhd/bltv1/chunklist_w1266569526.m3u
   速度: 4.28KB/s | 数据量: 0.6KB | 总耗时: 0.42s | 阈值: 150KB/s
[2026-03-12 19:04:20] 🚫 未达阈值 HTTP测速: http://61.216.67.119:1935/bltvhd/bltv1/playlist.m3u8
   速度: 0.95KB/s | 数据量: 0.1KB | 总耗时: 0.43s | 阈值: 150KB/s
[2026-03-12 19:04:21] ✅ 通过阈值 HTTP测速: http://153.0.171.163:9901/tsfile/live/0123_1.m3u8?key=txiptv&playlive=1&authid=0
   速度: 417.97KB/s | 数据量: 0.4KB | 总耗时: 0.42s | 阈值: 150KB/s
[2026-03-12 19:04:21] ✅ 通过阈值 HTTP测速: http://107.150.60.122/live/sdwshd.m3u8
   速度: 196.29KB/s | 数据量: 0.2KB | 总耗时: 0.20s | 阈值: 150KB/s
[2026-03-12 19:04:21] ✅ 通过阈值 HTTP测速: http://36.32.174.67:60080/newlive/live/hls/49/live.m3u8
   速度: 232.42KB/s | 数据量: 0.2KB | 总耗时: 0.76s | 阈值: 150KB/s
[2026-03-12 19:04:21] ✅ 通过阈值 HTTP测速: http://live.zohi.tv/video/s10001-fztv-3/index.m3u8
   速度: 498.05KB/s | 数据量: 0.5KB | 总耗时: 4.42s | 阈值: 150KB/s
[2026-03-12 19:04:21] ✅ 通过阈值 HTTP测速: http://153.0.171.163:9901/tsfile/live/0131_1.m3u8?key=txiptv&playlive=1&authid=0
   速度: 407.23KB/s | 数据量: 0.4KB | 总耗时: 0.43s | 阈值: 150KB/s
[2026-03-12 19:04:21] ✅ 通过阈值 HTTP测速: http://112.123.243.37:50085/tsfile/live/0122_1.m3u8?key=txiptv&playlive=0&authid=0
   速度: 2620.12KB/s | 数据量: 2.6KB | 总耗时: 0.41s | 阈值: 150KB/s
[2026-03-12 19:04:21] ✅ 通过阈值 HTTP测速: http://112.27.235.94:8000/hls/45/index.m3u8
   速度: 246.09KB/s | 数据量: 0.2KB | 总耗时: 0.32s | 阈值: 150KB/s
[2026-03-12 19:04:21] ✅ 通过阈值 HTTP测速: http://nn.7x9d.cn/地方台8563/海南.php?id=hnws&?key=txiptv
   速度: 1502.93KB/s | 数据量: 1.5KB | 总耗时: 2.86s | 阈值: 150KB/s
[2026-03-12 19:04:21] ✅ 通过阈值 HTTP测速: http://153.0.171.163:9901/tsfile/live/0136_1.m3u8?key=txiptv&playlive=1&authid=0
   速度: 407.23KB/s | 数据量: 0.4KB | 总耗时: 0.43s | 阈值: 150KB/s
[2026-03-12 19:04:21] ✅ 通过阈值 HTTP测速: http://116.76.254.170:44330/tsfile/live/1013_1.m3u8?key=txiptv&playlive=0&authid=0
   速度: 818.36KB/s | 数据量: 0.8KB | 总耗时: 0.40s | 阈值: 150KB/s
[2026-03-12 19:04:21] ✅ 通过阈值 HTTP测速: http://36.32.174.67:60080/newlive/live/hls/43/live.m3u8
   速度: 232.42KB/s | 数据量: 0.2KB | 总耗时: 0.69s | 阈值: 150KB/s
[2026-03-12 19:04:21] ✅ 通过阈值 HTTP测速: http://153.0.171.163:9901/tsfile/live/0126_1.m3u8?key=txiptv&playlive=1&authid=0
   速度: 417.97KB/s | 数据量: 0.4KB | 总耗时: 0.41s | 阈值: 150KB/s
[2026-03-12 19:04:21] ✅ 通过阈值 HTTP测速: http://107.150.60.122/live/szwshd.m3u8
   速度: 186.52KB/s | 数据量: 0.2KB | 总耗时: 0.20s | 阈值: 150KB/s
[2026-03-12 19:04:22] ✅ 通过阈值 HTTP测速: http://112.123.243.37:50085/tsfile/live/1000_1.m3u8?key=txiptv&playlive=0&authid=0
   速度: 2629.88KB/s | 数据量: 2.6KB | 总耗时: 0.41s | 阈值: 150KB/s
[2026-03-12 19:04:22] ✅ HTTPS测速成功: https://svipsvip.ffzyread1.com/20250101/34720_0d5e4b60/index.m3u8
   速度: 397.46KB/s | 数据量: 0.4KB | 总耗时: 1.83s | 证书: 有效
[2026-03-12 19:04:22] ✅ HTTPS测速成功: https://test1.live.sdetv.com.cn/live/dianshizhibo/playlist.m3u8
   速度: 208.01KB/s | 数据量: 0.2KB | 总耗时: 0.67s | 证书: 有效
[2026-03-12 19:04:22] ✅ 通过阈值 HTTP测速: http://183.215.134.239:19901/tsfile/live/0126_1.m3u8?key=txiptv&playlive=1&authid=0
   速度: 428.71KB/s | 数据量: 0.4KB | 总耗时: 0.79s | 阈值: 150KB/s
[2026-03-12 19:04:22] ✅ 通过阈值 HTTP测速: http://218.84.12.186:8001/hls/main/playlist.m3u8?zxinjd;http://218.84.12.186:8001/hls/main/playlist.m3u8zxinjd
   速度: 325.20KB/s | 数据量: 0.3KB | 总耗时: 0.62s | 阈值: 150KB/s
[2026-03-12 19:04:22] ✅ 通过阈值 HTTP测速: http://107.150.60.122/live/xzws.m3u8
   速度: 191.41KB/s | 数据量: 0.2KB | 总耗时: 0.19s | 阈值: 150KB/s
[2026-03-12 19:04:22] ✅ 通过阈值 HTTP测速: http://36.32.174.67:60080/newlive/live/hls/47/live.m3u8
   速度: 232.42KB/s | 数据量: 0.2KB | 总耗时: 0.75s | 阈值: 150KB/s
[2026-03-12 19:04:22] ✅ HTTPS测速成功: https://txmov2.a.kwimgs.com/upic/2023/01/26/09/BMjAyMzAxMjYwOTE3NDVfNzM5MzQzNzIyXzk0NjI1OTUwNTA3XzBfMw==_b_B81ddda927d33445d544befd008e60109.mp4
   速度: 35634.38KB/s | 数据量: 178176.0KB | 总耗时: 5.25s | 证书: 有效
[2026-03-12 19:04:23] ✅ HTTPS测速成功: https://turnerlive.warnermediacdn.com/hls/live/586495/cnngo/cnn_slate/VIDEO_4_1064000.m3u8
   速度: 24930.66KB/s | 数据量: 24.9KB | 总耗时: 0.12s | 证书: 有效
[2026-03-12 19:04:23] 🚫 未达阈值 HTTP测速: http://webcast.hkstv.tv/livestream/mutfysrq/playlist.m3u8
   速度: 0.34KB/s | 数据量: 0.1KB | 总耗时: 1.38s | 阈值: 150KB/s
[2026-03-12 19:04:23] ✅ 通过阈值 HTTP测速: http://36.32.174.67:60080/newlive/live/hls/45/live.m3u8
   速度: 232.42KB/s | 数据量: 0.2KB | 总耗时: 0.81s | 阈值: 150KB/s
[2026-03-12 19:04:23] ✅ HTTPS测速成功: https://stream1.freetv.fun/4e695e885cc20b20b7e3ec874fe52ed75e27443778c8ff29e498c4c9d7cec4a0.m3u8
   速度: 124.02KB/s | 数据量: 0.1KB | 总耗时: 0.07s | 证书: 有效
[2026-03-12 19:04:23] ✅ 通过阈值 HTTP测速: http://d2e1asnsl7br7b.cloudfront.net/7782e205e72f43aeb4a48ec97f66ebbe/index_4.m3u8
   速度: 546.88KB/s | 数据量: 0.5KB | 总耗时: 0.06s | 阈值: 150KB/s
[2026-03-12 19:04:23] ✅ 通过阈值 HTTP测速: http://d2e1asnsl7br7b.cloudfront.net/7782e205e72f43aeb4a48ec97f66ebbe/index_5.m3u8
   速度: 546.88KB/s | 数据量: 0.5KB | 总耗时: 0.04s | 阈值: 150KB/s
[2026-03-12 19:04:23] ✅ HTTPS测速成功: https://play-qukan.cztv.com/live/1746687519046362.m3u8
   速度: 480.47KB/s | 数据量: 0.5KB | 总耗时: 0.58s | 证书: 有效
[2026-03-12 19:04:23] ✅ HTTPS测速成功: https://d2e1asnsl7br7b.cloudfront.net/7782e205e72f43aeb4a48ec97f66ebbe/index_4.m3u8
   速度: 546.88KB/s | 数据量: 0.5KB | 总耗时: 0.07s | 证书: 有效
[2026-03-12 19:04:23] ✅ HTTPS测速成功: https://d2e1asnsl7br7b.cloudfront.net/7782e205e72f43aeb4a48ec97f66ebbe/index_5.m3u8
   速度: 546.88KB/s | 数据量: 0.5KB | 总耗时: 0.08s | 证书: 有效
[2026-03-12 19:04:23] ✅ HTTPS测速成功: https://stream1.freetv.fun/678d877ac436471c003e6f566eaa81b022de75dca45be60e1660efbf223765ca.m3u8
   速度: 124.02KB/s | 数据量: 0.1KB | 总耗时: 0.07s | 证书: 有效
[2026-03-12 19:04:23] ✅ HTTPS测速成功: https://srs.ssws.tv/video/sstv-10/index.m3u8
   速度: 389.65KB/s | 数据量: 0.4KB | 总耗时: 1.06s | 证书: 有效
[2026-03-12 19:04:23] ✅ 通过阈值 HTTP测速: http://live.wjyanghu.com/live/CH1.m3u8
   速度: 264.65KB/s | 数据量: 0.3KB | 总耗时: 1.88s | 阈值: 150KB/s
[2026-03-12 19:04:23] ✅ 通过阈值 HTTP测速: http://61.221.215.25:8800/hls/41/index.m3u8
   速度: 250.98KB/s | 数据量: 0.3KB | 总耗时: 0.29s | 阈值: 150KB/s
[2026-03-12 19:04:24] 🚫 未达阈值 HTTP测速: http://222.128.55.152:9080/live/ts.m3u8
   速度: 0.41KB/s | 数据量: 0.1KB | 总耗时: 0.63s | 阈值: 150KB/s
[2026-03-12 19:04:24] 🚫 未达阈值 HTTP测速: http://61.216.67.119:1935/lifetv/lifetv.stream/manifest.m3u8
   速度: 0.97KB/s | 数据量: 0.1KB | 总耗时: 0.42s | 阈值: 150KB/s
[2026-03-12 19:04:24] 🚫 未达阈值 HTTP测速: http://222.128.55.152:9080/live/hy.m3u8
   速度: 0.40KB/s | 数据量: 0.1KB | 总耗时: 0.64s | 阈值: 150KB/s
[2026-03-12 19:04:24] ✅ HTTPS测速成功: https://video.bread-tv.com:8091/hls-live24/online/index.m3u8
   速度: 149.41KB/s | 数据量: 0.1KB | 总耗时: 0.66s | 证书: 有效
[2026-03-12 19:04:24] ✅ 通过阈值 HTTP测速: http://lb.streaming.sk/fashiontv/stream/chunklist_w1906011378.m3u8
   速度: 231.45KB/s | 数据量: 0.2KB | 总耗时: 0.67s | 阈值: 150KB/s
[2026-03-12 19:04:25] ❌ HTTP测速失败: http://218.13.170.98:9901/tsfile/live/0111_1.m3u8
   错误: HTTPConnectionPool(host='218.13.170.98', port=9901): Max retries exceeded with url: /tsfile/live/0111_1.m3u8 (Caused by ConnectTimeoutError(<HTTPConnection(host='218.13.170.98', port=9901) at 0x7f9d20bdef10>, 'Connection to 218.13.170.98 timed out. (connect timeout=3.05)')) | 域名: 218.13.170.98
[2026-03-12 19:04:25] ✅ HTTPS测速成功: https://gcalic.v.myalicdn.com/gc/hlzycc_1/index.m3u8
   速度: 319.34KB/s | 数据量: 0.3KB | 总耗时: 0.68s | 证书: 有效
[2026-03-12 19:04:25] ✅ HTTPS测速成功: https://i.mjh.nz/SamsungTVPlus/GBBD1100012JB.m3u8
   速度: 142.58KB/s | 数据量: 0.1KB | 总耗时: 0.38s | 证书: 有效
[2026-03-12 19:04:25] ✅ HTTPS测速成功: https://v3.mediacast.hk/webcast/bshdlive-pc/playlist.m3u8
   速度: 147.46KB/s | 数据量: 0.1KB | 总耗时: 1.04s | 证书: 有效
[2026-03-12 19:04:25] ✅ HTTPS测速成功: https://srs.iyb983.cn:443/video/CYS/index.m3u8
   速度: 506.84KB/s | 数据量: 0.5KB | 总耗时: 1.00s | 证书: 有效
[2026-03-12 19:04:25] ✅ HTTPS测速成功: https://srs.iyb983.cn/video/CYS/index.m3u8
   速度: 506.84KB/s | 数据量: 0.5KB | 总耗时: 1.01s | 证书: 有效
[2026-03-12 19:04:26] ❌ HTTP测速失败: http://119.39.9.8:9901/tsfile/live/0118_1.m3u8
   错误: HTTPConnectionPool(host='119.39.9.8', port=9901): Read timed out. (read timeout=5) | 域名: 119.39.9.8
[2026-03-12 19:04:31] ✅ 通过阈值 HTTP测速: http://104.250.145.76/livehttpplay?channel_id=23356
   速度: 250.36KB/s | 数据量: 2048.0KB | 总耗时: 8.28s | 阈值: 150KB/s
